#
# There is insufficient memory for the Java Runtime Environment to continue.
# Native memory allocation (mmap) failed to map 46137344 bytes for Failed to commit area from 0x0000000091400000 to 0x0000000094000000 of length 46137344.
# Possible reasons:
#   The system is out of physical RAM or swap space
#   The process is running with CompressedOops enabled, and the Java Heap may be blocking the growth of the native heap
# Possible solutions:
#   Reduce memory load on the system
#   Increase physical memory or swap space
#   Check if swap backing store is full
#   Decrease Java heap size (-Xmx/-Xms)
#   Decrease number of Java threads
#   Decrease Java thread stack sizes (-Xss)
#   Set larger code cache with -XX:ReservedCodeCacheSize=
#   JVM is running with Unscaled Compressed Oops mode in which the Java heap is
#     placed in the first 4GB address space. The Java Heap base address is the
#     maximum limit for the native heap growth. Please use -XX:HeapBaseMinAddress
#     to set the Java Heap base and to place the Java Heap above 4GB virtual address.
# This output file may be truncated or incomplete.
#
#  Out of Memory Error (t:/workspace/open/src/hotspot/os/windows/os_windows.cpp:3269), pid=10292, tid=31156
#
# JRE version: OpenJDK Runtime Environment (11.0+28) (build 11+28)
# Java VM: OpenJDK 64-Bit Server VM (11+28, mixed mode, tiered, compressed oops, g1 gc, windows-amd64)
# No core dump will be written. Minidumps are not enabled by default on client versions of Windows
#

---------------  S U M M A R Y ------------

Command Line: -javaagent:C:\Program Files\JetBrains\IntelliJ IDEA Community Edition 2021.3\lib\idea_rt.jar=58649:C:\Program Files\JetBrains\IntelliJ IDEA Community Edition 2021.3\bin -Dfile.encoding=UTF-8 com.bachinalabs.StreamingPipepline

Host: Intel(R) Core(TM) i5-10210U CPU @ 1.60GHz, 8 cores, 7G,  Windows 10 , 64 bit Build 19041 (10.0.19041.1348)
Time: Sun Dec 12 20:48:42 2021 India Standard Time elapsed time: 16 seconds (0d 0h 0m 16s)

---------------  T H R E A D  ---------------

Current thread (0x000001b168f80800):  VMThread "VM Thread" [stack: 0x0000004fe0900000,0x0000004fe0a00000] [id=31156]

Stack: [0x0000004fe0900000,0x0000004fe0a00000]
[error occurred during error reporting (printing stack bounds), id 0xc0000005, EXCEPTION_ACCESS_VIOLATION (0xc0000005) at pc=0x000001b152030bad]

Native frames: (J=compiled Java code, j=interpreted, Vv=VM code, C=native code)
V  [jvm.dll+0x63adaa]
V  [jvm.dll+0x77852f]
V  [jvm.dll+0x779b18]
V  [jvm.dll+0x77a135]
V  [jvm.dll+0x77a0eb]
V  [jvm.dll+0x63a4a6]
V  [jvm.dll+0x63a878]
C  [ntdll.dll+0xa20cf]
C  [ntdll.dll+0x51454]
C  [ntdll.dll+0xa0bfe]
C  0x000001b152030bad

VM_Operation (0x0000004fe65fe710): G1CollectForAllocation, mode: safepoint, requested by thread 0x000001b16bcee800


---------------  P R O C E S S  ---------------

Threads class SMR info:
_java_thread_list=0x000001b16ec929a0, length=97, elements={
0x000001b149c93800, 0x000001b168f81800, 0x000001b168fad800, 0x000001b16981c000,
0x000001b16981d000, 0x000001b16981e000, 0x000001b1697cb800, 0x000001b1697cd800,
0x000001b168f38800, 0x000001b16a2de800, 0x000001b16a2c7800, 0x000001b16c699800,
0x000001b16c69a000, 0x000001b16c694800, 0x000001b16c698800, 0x000001b16c69b000,
0x000001b16c695000, 0x000001b16c696000, 0x000001b16c697000, 0x000001b16b11c000,
0x000001b16b11c800, 0x000001b16b119800, 0x000001b16b11a000, 0x000001b16b117000,
0x000001b16b11b000, 0x000001b16b11d800, 0x000001b16b118800, 0x000001b16b117800,
0x000001b16b11e000, 0x000001b16b121800, 0x000001b16b122800, 0x000001b16b120800,
0x000001b16b123000, 0x000001b16b124000, 0x000001b16b125800, 0x000001b16b12a000,
0x000001b16b127000, 0x000001b16b12c800, 0x000001b16b12b000, 0x000001b16b12d800,
0x000001b16b127800, 0x000001b16b12c000, 0x000001b16b12e000, 0x000001b16b128800,
0x000001b16b131800, 0x000001b16b130000, 0x000001b16b132800, 0x000001b16b135000,
0x000001b16b130800, 0x000001b16b135800, 0x000001b16b134000, 0x000001b16b125000,
0x000001b16b11f000, 0x000001b16b120000, 0x000001b16b12f000, 0x000001b16b129800,
0x000001b16b133000, 0x000001b16d882000, 0x000001b16d881000, 0x000001b16d87f800,
0x000001b16d87c000, 0x000001b16d882800, 0x000001b16d87e000, 0x000001b16d87e800,
0x000001b16d880000, 0x000001b16d87d000, 0x000001b16d886000, 0x000001b16d884800,
0x000001b16d886800, 0x000001b16d887800, 0x000001b16d889000, 0x000001b16d888800,
0x000001b16d883800, 0x000001b16d88a000, 0x000001b16d88b000, 0x000001b16d885000,
0x000001b16ac89000, 0x000001b16ac86800, 0x000001b16ac8a000, 0x000001b16ac8a800,
0x000001b16ac87800, 0x000001b16ac8b800, 0x000001b16ac88800, 0x000001b16bcea000,
0x000001b16bce9000, 0x000001b16bce7800, 0x000001b16bcee000, 0x000001b16bcec800,
0x000001b16bce8000, 0x000001b16bcf1000, 0x000001b16bcf0800, 0x000001b16bcee800,
0x000001b16bced000, 0x000001b16bcf4800, 0x000001b16bcf3000, 0x000001b16bcea800,
0x000001b16bcf2000
}

Java Threads: ( => current thread )
  0x000001b149c93800 JavaThread "main" [_thread_blocked, id=13180, stack(0x0000004fe0300000,0x0000004fe0400000)]
  0x000001b168f81800 JavaThread "Reference Handler" daemon [_thread_blocked, id=25980, stack(0x0000004fe0a00000,0x0000004fe0b00000)]
  0x000001b168fad800 JavaThread "Finalizer" daemon [_thread_blocked, id=32320, stack(0x0000004fe0b00000,0x0000004fe0c00000)]
  0x000001b16981c000 JavaThread "Signal Dispatcher" daemon [_thread_blocked, id=17240, stack(0x0000004fe0c00000,0x0000004fe0d00000)]
  0x000001b16981d000 JavaThread "Attach Listener" daemon [_thread_blocked, id=26100, stack(0x0000004fe0d00000,0x0000004fe0e00000)]
  0x000001b16981e000 JavaThread "C2 CompilerThread0" daemon [_thread_blocked, id=12524, stack(0x0000004fe0e00000,0x0000004fe0f00000)]
  0x000001b1697cb800 JavaThread "C1 CompilerThread0" daemon [_thread_blocked, id=36180, stack(0x0000004fe0f00000,0x0000004fe1000000)]
  0x000001b1697cd800 JavaThread "Sweeper thread" daemon [_thread_blocked, id=26268, stack(0x0000004fe1000000,0x0000004fe1100000)]
  0x000001b168f38800 JavaThread "Common-Cleaner" daemon [_thread_blocked, id=29296, stack(0x0000004fe1100000,0x0000004fe1200000)]
  0x000001b16a2de800 JavaThread "Monitor Ctrl-Break" daemon [_thread_in_native, id=6628, stack(0x0000004fe1300000,0x0000004fe1400000)]
  0x000001b16a2c7800 JavaThread "Service Thread" daemon [_thread_blocked, id=34896, stack(0x0000004fe1400000,0x0000004fe1500000)]
  0x000001b16c699800 JavaThread "gcs-async-channel-pool-0" daemon [_thread_blocked, id=26844, stack(0x0000004fe1b00000,0x0000004fe1c00000)]
  0x000001b16c69a000 JavaThread "pool-8-thread-1" [_thread_blocked, id=29308, stack(0x0000004fe1e00000,0x0000004fe1f00000)]
  0x000001b16c694800 JavaThread "pool-8-thread-2" [_thread_in_native, id=15916, stack(0x0000004fe1f00000,0x0000004fe2000000)]
  0x000001b16c698800 JavaThread "ForkJoinPool.commonPool-worker-3" daemon [_thread_blocked, id=16988, stack(0x0000004fe2000000,0x0000004fe2100000)]
  0x000001b16c69b000 JavaThread "pool-8-thread-3" [_thread_in_native, id=27388, stack(0x0000004fe2100000,0x0000004fe2200000)]
  0x000001b16c695000 JavaThread "pool-8-thread-4" [_thread_blocked, id=35380, stack(0x0000004fe2200000,0x0000004fe2300000)]
  0x000001b16c696000 JavaThread "pool-8-thread-5" [_thread_blocked, id=35684, stack(0x0000004fe2300000,0x0000004fe2400000)]
  0x000001b16c697000 JavaThread "pool-8-thread-6" [_thread_blocked, id=30004, stack(0x0000004fe2400000,0x0000004fe2500000)]
  0x000001b16b11c000 JavaThread "ForkJoinPool.commonPool-worker-5" daemon [_thread_blocked, id=36004, stack(0x0000004fe2500000,0x0000004fe2600000)]
  0x000001b16b11c800 JavaThread "ForkJoinPool.commonPool-worker-7" daemon [_thread_blocked, id=12028, stack(0x0000004fe2600000,0x0000004fe2700000)]
  0x000001b16b119800 JavaThread "pool-8-thread-7" [_thread_blocked, id=30320, stack(0x0000004fe2700000,0x0000004fe2800000)]
  0x000001b16b11a000 JavaThread "ForkJoinPool.commonPool-worker-9" daemon [_thread_blocked, id=36028, stack(0x0000004fe2800000,0x0000004fe2900000)]
  0x000001b16b117000 JavaThread "pool-8-thread-8" [_thread_blocked, id=25068, stack(0x0000004fe2900000,0x0000004fe2a00000)]
  0x000001b16b11b000 JavaThread "ForkJoinPool.commonPool-worker-11" daemon [_thread_blocked, id=31764, stack(0x0000004fe2a00000,0x0000004fe2b00000)]
  0x000001b16b11d800 JavaThread "pool-8-thread-10" [_thread_blocked, id=35000, stack(0x0000004fe2b00000,0x0000004fe2c00000)]
  0x000001b16b118800 JavaThread "pool-8-thread-9" [_thread_blocked, id=13456, stack(0x0000004fe2c00000,0x0000004fe2d00000)]
  0x000001b16b117800 JavaThread "pool-8-thread-12" [_thread_blocked, id=34980, stack(0x0000004fe2d00000,0x0000004fe2e00000)]
  0x000001b16b11e000 JavaThread "pool-8-thread-11" [_thread_blocked, id=32300, stack(0x0000004fe2e00000,0x0000004fe2f00000)]
  0x000001b16b121800 JavaThread "pool-8-thread-13" [_thread_blocked, id=31112, stack(0x0000004fe2f00000,0x0000004fe3000000)]
  0x000001b16b122800 JavaThread "pool-8-thread-14" [_thread_blocked, id=33280, stack(0x0000004fe3000000,0x0000004fe3100000)]
  0x000001b16b120800 JavaThread "ForkJoinPool.commonPool-worker-15" daemon [_thread_blocked, id=29576, stack(0x0000004fe3100000,0x0000004fe3200000)]
  0x000001b16b123000 JavaThread "ForkJoinPool.commonPool-worker-13" daemon [_thread_blocked, id=15864, stack(0x0000004fe3200000,0x0000004fe3300000)]
  0x000001b16b124000 JavaThread "pool-8-thread-15" [_thread_blocked, id=16972, stack(0x0000004fe3400000,0x0000004fe3500000)]
  0x000001b16b125800 JavaThread "pool-8-thread-16" [_thread_blocked, id=796, stack(0x0000004fe3600000,0x0000004fe3700000)]
  0x000001b16b12a000 JavaThread "pool-8-thread-18" [_thread_blocked, id=35836, stack(0x0000004fe3800000,0x0000004fe3900000)]
  0x000001b16b127000 JavaThread "pool-8-thread-17" [_thread_blocked, id=35220, stack(0x0000004fe3900000,0x0000004fe3a00000)]
  0x000001b16b12c800 JavaThread "pool-8-thread-20" [_thread_blocked, id=27112, stack(0x0000004fe3a00000,0x0000004fe3b00000)]
  0x000001b16b12b000 JavaThread "pool-8-thread-19" [_thread_in_native, id=22808, stack(0x0000004fe3b00000,0x0000004fe3c00000)]
  0x000001b16b12d800 JavaThread "pool-8-thread-21" [_thread_blocked, id=4648, stack(0x0000004fe3c00000,0x0000004fe3d00000)]
  0x000001b16b127800 JavaThread "pool-8-thread-22" [_thread_in_native, id=22836, stack(0x0000004fe3d00000,0x0000004fe3e00000)]
  0x000001b16b12c000 JavaThread "pool-8-thread-23" [_thread_blocked, id=15784, stack(0x0000004fe3e00000,0x0000004fe3f00000)]
  0x000001b16b12e000 JavaThread "pool-8-thread-25" [_thread_blocked, id=28444, stack(0x0000004fe4000000,0x0000004fe4100000)]
  0x000001b16b128800 JavaThread "pool-8-thread-24" [_thread_blocked, id=15160, stack(0x0000004fe4100000,0x0000004fe4200000)]
  0x000001b16b131800 JavaThread "pool-8-thread-26" [_thread_blocked, id=9600, stack(0x0000004fe4300000,0x0000004fe4400000)]
  0x000001b16b130000 JavaThread "pool-8-thread-28" [_thread_blocked, id=31736, stack(0x0000004fe4400000,0x0000004fe4500000)]
  0x000001b16b132800 JavaThread "pool-8-thread-29" [_thread_blocked, id=25740, stack(0x0000004fe4500000,0x0000004fe4600000)]
  0x000001b16b135000 JavaThread "pool-8-thread-27" [_thread_blocked, id=4576, stack(0x0000004fe4600000,0x0000004fe4700000)]
  0x000001b16b130800 JavaThread "pool-8-thread-30" [_thread_blocked, id=12572, stack(0x0000004fe4700000,0x0000004fe4800000)]
  0x000001b16b135800 JavaThread "pool-8-thread-31" [_thread_blocked, id=20332, stack(0x0000004fe4900000,0x0000004fe4a00000)]
  0x000001b16b134000 JavaThread "pool-8-thread-32" [_thread_blocked, id=2112, stack(0x0000004fe4a00000,0x0000004fe4b00000)]
  0x000001b16b125000 JavaThread "gcs-async-channel-pool-0" daemon [_thread_blocked, id=20472, stack(0x0000004fe1c00000,0x0000004fe1d00000)]
  0x000001b16b11f000 JavaThread "gcs-async-channel-pool-0" daemon [_thread_in_native, id=26860, stack(0x0000004fe1d00000,0x0000004fe1e00000)]
  0x000001b16b120000 JavaThread "gcs-async-channel-pool-0" daemon [_thread_in_native, id=29164, stack(0x0000004fe3300000,0x0000004fe3400000)]
  0x000001b16b12f000 JavaThread "gcs-async-channel-pool-0" daemon [_thread_blocked, id=19996, stack(0x0000004fe3500000,0x0000004fe3600000)]
  0x000001b16b129800 JavaThread "gcs-async-channel-pool-0" daemon [_thread_blocked, id=23740, stack(0x0000004fe3700000,0x0000004fe3800000)]
  0x000001b16b133000 JavaThread "gcs-async-channel-pool-0" daemon [_thread_in_native, id=35736, stack(0x0000004fe3f00000,0x0000004fe4000000)]
  0x000001b16d882000 JavaThread "gcs-async-channel-pool-0" daemon [_thread_in_native, id=15048, stack(0x0000004fe4200000,0x0000004fe4300000)]
  0x000001b16d881000 JavaThread "gcs-async-channel-pool-0" daemon [_thread_blocked, id=35848, stack(0x0000004fe4800000,0x0000004fe4900000)]
  0x000001b16d87f800 JavaThread "gcs-async-channel-pool-0" daemon [_thread_in_native, id=36428, stack(0x0000004fe4b00000,0x0000004fe4c00000)]
  0x000001b16d87c000 JavaThread "gcs-async-channel-pool-0" daemon [_thread_in_native, id=27572, stack(0x0000004fe4c00000,0x0000004fe4d00000)]
  0x000001b16d882800 JavaThread "gcs-async-channel-pool-0" daemon [_thread_blocked, id=34712, stack(0x0000004fe4d00000,0x0000004fe4e00000)]
  0x000001b16d87e000 JavaThread "gcs-async-channel-pool-0" daemon [_thread_in_native, id=29780, stack(0x0000004fe4e00000,0x0000004fe4f00000)]
  0x000001b16d87e800 JavaThread "gcs-async-channel-pool-0" daemon [_thread_blocked, id=35572, stack(0x0000004fe4f00000,0x0000004fe5000000)]
  0x000001b16d880000 JavaThread "gcs-async-channel-pool-0" daemon [_thread_blocked, id=16480, stack(0x0000004fe5000000,0x0000004fe5100000)]
  0x000001b16d87d000 JavaThread "gcs-async-channel-pool-0" daemon [_thread_blocked, id=28984, stack(0x0000004fe5100000,0x0000004fe5200000)]
  0x000001b16d886000 JavaThread "gcs-async-channel-pool-0" daemon [_thread_blocked, id=34924, stack(0x0000004fe5200000,0x0000004fe5300000)]
  0x000001b16d884800 JavaThread "gcs-async-channel-pool-0" daemon [_thread_in_native, id=2516, stack(0x0000004fe5300000,0x0000004fe5400000)]
  0x000001b16d886800 JavaThread "gcs-async-channel-pool-0" daemon [_thread_blocked, id=32804, stack(0x0000004fe5400000,0x0000004fe5500000)]
  0x000001b16d887800 JavaThread "gcs-async-channel-pool-0" daemon [_thread_in_native, id=23168, stack(0x0000004fe5500000,0x0000004fe5600000)]
  0x000001b16d889000 JavaThread "gcs-async-channel-pool-0" daemon [_thread_in_native, id=31700, stack(0x0000004fe5600000,0x0000004fe5700000)]
  0x000001b16d888800 JavaThread "gcs-async-channel-pool-0" daemon [_thread_blocked, id=26568, stack(0x0000004fe5700000,0x0000004fe5800000)]
  0x000001b16d883800 JavaThread "gcs-async-channel-pool-0" daemon [_thread_blocked, id=34688, stack(0x0000004fe5800000,0x0000004fe5900000)]
  0x000001b16d88a000 JavaThread "gcs-async-channel-pool-0" daemon [_thread_blocked, id=28176, stack(0x0000004fe5900000,0x0000004fe5a00000)]
  0x000001b16d88b000 JavaThread "gcs-async-channel-pool-0" daemon [_thread_blocked, id=19128, stack(0x0000004fe5a00000,0x0000004fe5b00000)]
  0x000001b16d885000 JavaThread "gcs-async-channel-pool-0" daemon [_thread_blocked, id=8688, stack(0x0000004fe5b00000,0x0000004fe5c00000)]
  0x000001b16ac89000 JavaThread "gcs-async-channel-pool-0" daemon [_thread_in_native, id=36672, stack(0x0000004fe5c00000,0x0000004fe5d00000)]
  0x000001b16ac86800 JavaThread "gcs-async-channel-pool-0" daemon [_thread_blocked, id=33348, stack(0x0000004fe5d00000,0x0000004fe5e00000)]
  0x000001b16ac8a000 JavaThread "gcs-async-channel-pool-0" daemon [_thread_in_native, id=24804, stack(0x0000004fe5e00000,0x0000004fe5f00000)]
  0x000001b16ac8a800 JavaThread "gcs-async-channel-pool-0" daemon [_thread_in_native, id=3224, stack(0x0000004fe5f00000,0x0000004fe6000000)]
  0x000001b16ac87800 JavaThread "gcs-async-channel-pool-0" daemon [_thread_blocked, id=32356, stack(0x0000004fe6000000,0x0000004fe6100000)]
  0x000001b16ac8b800 JavaThread "gcs-async-channel-pool-0" daemon [_thread_blocked, id=14796, stack(0x0000004fe6100000,0x0000004fe6200000)]
  0x000001b16ac88800 JavaThread "gcs-async-channel-pool-0" daemon [_thread_in_native, id=23720, stack(0x0000004fe6200000,0x0000004fe6300000)]
  0x000001b16bcea000 JavaThread "Keep-Alive-Timer" daemon [_thread_blocked, id=33008, stack(0x0000004fe1800000,0x0000004fe1900000)]
  0x000001b16bce9000 JavaThread "gcs-async-channel-pool-0" daemon [_thread_in_native, id=25744, stack(0x0000004fe6600000,0x0000004fe6700000)]
  0x000001b16bce7800 JavaThread "gcs-async-channel-pool-0" daemon [_thread_in_native, id=28744, stack(0x0000004fe6900000,0x0000004fe6a00000)]
  0x000001b16bcee000 JavaThread "gcs-async-channel-pool-0" daemon [_thread_in_native, id=23284, stack(0x0000004fe6300000,0x0000004fe6400000)]
  0x000001b16bcec800 JavaThread "gcs-async-channel-pool-0" daemon [_thread_in_native, id=18184, stack(0x0000004fe6800000,0x0000004fe6900000)]
  0x000001b16bce8000 JavaThread "gcs-async-channel-pool-0" daemon [_thread_in_native, id=17892, stack(0x0000004fe6a00000,0x0000004fe6b00000)]
  0x000001b16bcf1000 JavaThread "gcs-async-channel-pool-0" daemon [_thread_in_native, id=10960, stack(0x0000004fe6b00000,0x0000004fe6c00000)]
  0x000001b16bcf0800 JavaThread "gcs-async-channel-pool-0" daemon [_thread_in_native, id=22248, stack(0x0000004fe6c00000,0x0000004fe6d00000)]
  0x000001b16bcee800 JavaThread "gcs-async-channel-pool-0" daemon [_thread_blocked, id=22888, stack(0x0000004fe6500000,0x0000004fe6600000)]
  0x000001b16bced000 JavaThread "gcs-async-channel-pool-0" daemon [_thread_in_native, id=32984, stack(0x0000004fe6400000,0x0000004fe6500000)]
  0x000001b16bcf4800 JavaThread "gcs-async-channel-pool-0" daemon [_thread_blocked, id=26520, stack(0x0000004fe7000000,0x0000004fe7100000)]
  0x000001b16bcf3000 JavaThread "gcs-async-channel-pool-0" daemon [_thread_in_native, id=18016, stack(0x0000004fe7200000,0x0000004fe7300000)]
  0x000001b16bcea800 JavaThread "gcs-async-channel-pool-0" daemon [_thread_in_native, id=15896, stack(0x0000004fe6f00000,0x0000004fe7000000)]
  0x000001b16bcf2000 JavaThread "gcs-async-channel-pool-0" daemon [_thread_in_native, id=16260, stack(0x0000004fe7300000,0x0000004fe7400000)]

Other Threads:
=>0x000001b168f80800 VMThread "VM Thread" [stack: 0x0000004fe0900000,0x0000004fe0a00000] [id=31156]
  0x000001b16a2c9000 WatcherThread [stack: 0x0000004fe1500000,0x0000004fe1600000] [id=31148]
  0x000001b149cac000 GCTaskThread "GC Thread#0" [stack: 0x0000004fe0400000,0x0000004fe0500000] [id=25668]
  0x000001b16a415800 GCTaskThread "GC Thread#1" [stack: 0x0000004fe1600000,0x0000004fe1700000] [id=12416]
  0x000001b16a601800 GCTaskThread "GC Thread#2" [stack: 0x0000004fe1700000,0x0000004fe1800000] [id=29072]
  0x000001b16b15d000 GCTaskThread "GC Thread#3" [stack: 0x0000004fe1a00000,0x0000004fe1b00000] [id=22468]
  0x000001b16d597800 GCTaskThread "GC Thread#4" [stack: 0x0000004fe6700000,0x0000004fe6800000] [id=32692]
  0x000001b16bc41800 GCTaskThread "GC Thread#5" [stack: 0x0000004fe7c00000,0x0000004fe7d00000] [id=28184]
  0x000001b16d061000 GCTaskThread "GC Thread#6" [stack: 0x0000004fe7d00000,0x0000004fe7e00000] [id=35792]
  0x000001b16cf79000 GCTaskThread "GC Thread#7" [stack: 0x0000004fe7e00000,0x0000004fe7f00000] [id=32348]
  0x000001b149cdc800 ConcurrentGCThread "G1 Main Marker" [stack: 0x0000004fe0500000,0x0000004fe0600000] [id=33892]
  0x000001b149cde000 ConcurrentGCThread "G1 Conc#0" [stack: 0x0000004fe0600000,0x0000004fe0700000] [id=30536]
  0x000001b16a95a000 ConcurrentGCThread "G1 Conc#1" [stack: 0x0000004fe1900000,0x0000004fe1a00000] [id=31800]
  0x000001b149d5d000 ConcurrentGCThread "G1 Refine#0" [stack: 0x0000004fe0700000,0x0000004fe0800000] [id=12412]
  0x000001b149d5e800 ConcurrentGCThread "G1 Young RemSet Sampling" [stack: 0x0000004fe0800000,0x0000004fe0900000] [id=14580]

Threads with active compile tasks:
C1 CompilerThread06230       3       com.google.api.client.http.GenericUrl::<init> (7 bytes)

VM state:at safepoint (normal execution)

VM Mutex/Monitor currently owned by a thread:  ([mutex/lock_event])
[0x000001b149c92520] Threads_lock - owner thread: 0x000001b168f80800
[0x000001b149c93210] Heap_lock - owner thread: 0x000001b16bcee800

Heap address: 0x0000000083800000, size: 1992 MB, Compressed Oops mode: 32-bit
Narrow klass base: 0x0000000000000000, Narrow klass shift: 3
Compressed class space size: 1073741824 Address: 0x0000000100000000

Heap:
 garbage-first heap   total 270336K, used 131632K [0x0000000083800000, 0x0000000100000000)
  region size 1024K, 1 young (1024K), 1 survivors (1024K)
 Metaspace       used 47092K, capacity 48039K, committed 48304K, reserved 1091584K
  class space    used 5247K, capacity 5573K, committed 5632K, reserved 1048576K
Heap Regions: E=young(eden), S=young(survivor), O=old, HS=humongous(starts), HC=humongous(continues), CS=collection set, F=free, A=archive, TAMS=top-at-mark-start (previous, next)
|   0|0x0000000083800000, 0x0000000083900000, 0x0000000083900000|100%|HS|  |TAMS 0x0000000083900000, 0x0000000083900000| Complete 
|   1|0x0000000083900000, 0x0000000083a00000, 0x0000000083a00000|100%|HC|  |TAMS 0x0000000083a00000, 0x0000000083a00000| Complete 
|   2|0x0000000083a00000, 0x0000000083b00000, 0x0000000083b00000|100%| O|  |TAMS 0x0000000083b00000, 0x0000000083b00000| Untracked 
|   3|0x0000000083b00000, 0x0000000083c00000, 0x0000000083c00000|100%| O|  |TAMS 0x0000000083c00000, 0x0000000083c00000| Untracked 
|   4|0x0000000083c00000, 0x0000000083d00000, 0x0000000083d00000|100%| O|  |TAMS 0x0000000083d00000, 0x0000000083d00000| Untracked 
|   5|0x0000000083d00000, 0x0000000083e00000, 0x0000000083e00000|100%| O|  |TAMS 0x0000000083e00000, 0x0000000083e00000| Untracked 
|   6|0x0000000083e00000, 0x0000000083f00000, 0x0000000083f00000|100%| O|  |TAMS 0x0000000083f00000, 0x0000000083f00000| Untracked 
|   7|0x0000000083f00000, 0x0000000084000000, 0x0000000084000000|100%| O|  |TAMS 0x0000000084000000, 0x0000000084000000| Untracked 
|   8|0x0000000084000000, 0x0000000084100000, 0x0000000084100000|100%| O|  |TAMS 0x0000000084100000, 0x0000000084100000| Untracked 
|   9|0x0000000084100000, 0x0000000084200000, 0x0000000084200000|100%| O|  |TAMS 0x0000000084200000, 0x0000000084200000| Untracked 
|  10|0x0000000084200000, 0x0000000084300000, 0x0000000084300000|100%|HS|  |TAMS 0x0000000084300000, 0x0000000084300000| Complete 
|  11|0x0000000084300000, 0x0000000084400000, 0x0000000084400000|100%|HC|  |TAMS 0x0000000084400000, 0x0000000084400000| Complete 
|  12|0x0000000084400000, 0x0000000084500000, 0x0000000084500000|100%| O|  |TAMS 0x0000000084500000, 0x0000000084500000| Untracked 
|  13|0x0000000084500000, 0x0000000084600000, 0x0000000084600000|100%| O|  |TAMS 0x0000000084600000, 0x0000000084600000| Untracked 
|  14|0x0000000084600000, 0x0000000084700000, 0x0000000084700000|100%| O|  |TAMS 0x0000000084700000, 0x0000000084700000| Untracked 
|  15|0x0000000084700000, 0x0000000084800000, 0x0000000084800000|100%| O|  |TAMS 0x0000000084800000, 0x0000000084800000| Untracked 
|  16|0x0000000084800000, 0x0000000084900000, 0x0000000084900000|100%| O|  |TAMS 0x0000000084900000, 0x0000000084900000| Untracked 
|  17|0x0000000084900000, 0x0000000084a00000, 0x0000000084a00000|100%| O|  |TAMS 0x0000000084a00000, 0x0000000084a00000| Untracked 
|  18|0x0000000084a00000, 0x0000000084b00000, 0x0000000084b00000|100%| O|  |TAMS 0x0000000084b00000, 0x0000000084b00000| Untracked 
|  19|0x0000000084b00000, 0x0000000084c00000, 0x0000000084c00000|100%| O|  |TAMS 0x0000000084c00000, 0x0000000084c00000| Untracked 
|  20|0x0000000084c00000, 0x0000000084d00000, 0x0000000084d00000|100%|HS|  |TAMS 0x0000000084d00000, 0x0000000084d00000| Complete 
|  21|0x0000000084d00000, 0x0000000084e00000, 0x0000000084e00000|100%|HC|  |TAMS 0x0000000084e00000, 0x0000000084e00000| Complete 
|  22|0x0000000084e00000, 0x0000000084f00000, 0x0000000084f00000|100%|HS|  |TAMS 0x0000000084f00000, 0x0000000084f00000| Complete 
|  23|0x0000000084f00000, 0x0000000085000000, 0x0000000085000000|100%|HC|  |TAMS 0x0000000085000000, 0x0000000085000000| Complete 
|  24|0x0000000085000000, 0x0000000085100000, 0x0000000085100000|100%|HS|  |TAMS 0x0000000085100000, 0x0000000085100000| Complete 
|  25|0x0000000085100000, 0x0000000085200000, 0x0000000085200000|100%|HC|  |TAMS 0x0000000085200000, 0x0000000085200000| Complete 
|  26|0x0000000085200000, 0x0000000085300000, 0x0000000085300000|100%|HS|  |TAMS 0x0000000085300000, 0x0000000085300000| Complete 
|  27|0x0000000085300000, 0x0000000085400000, 0x0000000085400000|100%|HC|  |TAMS 0x0000000085400000, 0x0000000085400000| Complete 
|  28|0x0000000085400000, 0x0000000085500000, 0x0000000085500000|100%|HS|  |TAMS 0x0000000085500000, 0x0000000085500000| Complete 
|  29|0x0000000085500000, 0x0000000085600000, 0x0000000085600000|100%|HC|  |TAMS 0x0000000085600000, 0x0000000085600000| Complete 
|  30|0x0000000085600000, 0x0000000085700000, 0x0000000085700000|100%|HS|  |TAMS 0x0000000085700000, 0x0000000085700000| Complete 
|  31|0x0000000085700000, 0x0000000085800000, 0x0000000085800000|100%|HC|  |TAMS 0x0000000085800000, 0x0000000085800000| Complete 
|  32|0x0000000085800000, 0x0000000085900000, 0x0000000085900000|100%|HS|  |TAMS 0x0000000085900000, 0x0000000085900000| Complete 
|  33|0x0000000085900000, 0x0000000085a00000, 0x0000000085a00000|100%|HC|  |TAMS 0x0000000085a00000, 0x0000000085a00000| Complete 
|  34|0x0000000085a00000, 0x0000000085b00000, 0x0000000085b00000|100%|HS|  |TAMS 0x0000000085b00000, 0x0000000085b00000| Complete 
|  35|0x0000000085b00000, 0x0000000085c00000, 0x0000000085c00000|100%|HC|  |TAMS 0x0000000085c00000, 0x0000000085c00000| Complete 
|  36|0x0000000085c00000, 0x0000000085d00000, 0x0000000085d00000|100%|HS|  |TAMS 0x0000000085d00000, 0x0000000085d00000| Complete 
|  37|0x0000000085d00000, 0x0000000085e00000, 0x0000000085e00000|100%|HC|  |TAMS 0x0000000085e00000, 0x0000000085e00000| Complete 
|  38|0x0000000085e00000, 0x0000000085f00000, 0x0000000085f00000|100%|HS|  |TAMS 0x0000000085f00000, 0x0000000085f00000| Complete 
|  39|0x0000000085f00000, 0x0000000086000000, 0x0000000086000000|100%|HC|  |TAMS 0x0000000086000000, 0x0000000086000000| Complete 
|  40|0x0000000086000000, 0x0000000086100000, 0x0000000086100000|100%|HS|  |TAMS 0x0000000086100000, 0x0000000086100000| Complete 
|  41|0x0000000086100000, 0x0000000086200000, 0x0000000086200000|100%|HC|  |TAMS 0x0000000086200000, 0x0000000086200000| Complete 
|  42|0x0000000086200000, 0x0000000086300000, 0x0000000086300000|100%|HS|  |TAMS 0x0000000086300000, 0x0000000086300000| Complete 
|  43|0x0000000086300000, 0x0000000086400000, 0x0000000086400000|100%|HC|  |TAMS 0x0000000086400000, 0x0000000086400000| Complete 
|  44|0x0000000086400000, 0x0000000086500000, 0x0000000086500000|100%|HS|  |TAMS 0x0000000086500000, 0x0000000086500000| Complete 
|  45|0x0000000086500000, 0x0000000086600000, 0x0000000086600000|100%|HC|  |TAMS 0x0000000086600000, 0x0000000086600000| Complete 
|  46|0x0000000086600000, 0x0000000086700000, 0x0000000086700000|100%|HS|  |TAMS 0x0000000086700000, 0x0000000086700000| Complete 
|  47|0x0000000086700000, 0x0000000086800000, 0x0000000086800000|100%|HC|  |TAMS 0x0000000086800000, 0x0000000086800000| Complete 
|  48|0x0000000086800000, 0x0000000086900000, 0x0000000086900000|100%|HS|  |TAMS 0x0000000086900000, 0x0000000086900000| Complete 
|  49|0x0000000086900000, 0x0000000086a00000, 0x0000000086a00000|100%|HC|  |TAMS 0x0000000086a00000, 0x0000000086a00000| Complete 
|  50|0x0000000086a00000, 0x0000000086b00000, 0x0000000086b00000|100%|HS|  |TAMS 0x0000000086b00000, 0x0000000086b00000| Complete 
|  51|0x0000000086b00000, 0x0000000086c00000, 0x0000000086c00000|100%|HC|  |TAMS 0x0000000086c00000, 0x0000000086c00000| Complete 
|  52|0x0000000086c00000, 0x0000000086d00000, 0x0000000086d00000|100%|HS|  |TAMS 0x0000000086d00000, 0x0000000086d00000| Complete 
|  53|0x0000000086d00000, 0x0000000086e00000, 0x0000000086e00000|100%|HC|  |TAMS 0x0000000086e00000, 0x0000000086e00000| Complete 
|  54|0x0000000086e00000, 0x0000000086f00000, 0x0000000086f00000|100%|HS|  |TAMS 0x0000000086f00000, 0x0000000086f00000| Complete 
|  55|0x0000000086f00000, 0x0000000087000000, 0x0000000087000000|100%|HC|  |TAMS 0x0000000087000000, 0x0000000087000000| Complete 
|  56|0x0000000087000000, 0x0000000087100000, 0x0000000087100000|100%|HS|  |TAMS 0x0000000087100000, 0x0000000087100000| Complete 
|  57|0x0000000087100000, 0x0000000087200000, 0x0000000087200000|100%|HC|  |TAMS 0x0000000087200000, 0x0000000087200000| Complete 
|  58|0x0000000087200000, 0x0000000087300000, 0x0000000087300000|100%|HS|  |TAMS 0x0000000087200000, 0x0000000087300000| Complete 
|  59|0x0000000087300000, 0x0000000087400000, 0x0000000087400000|100%|HC|  |TAMS 0x0000000087300000, 0x0000000087400000| Complete 
|  60|0x0000000087400000, 0x0000000087400000, 0x0000000087500000|  0%| F|  |TAMS 0x0000000087400000, 0x0000000087400000| Untracked 
|  61|0x0000000087500000, 0x0000000087500000, 0x0000000087600000|  0%| F|  |TAMS 0x0000000087500000, 0x0000000087500000| Untracked 
|  62|0x0000000087600000, 0x0000000087600000, 0x0000000087700000|  0%| F|  |TAMS 0x0000000087600000, 0x0000000087600000| Untracked 
|  63|0x0000000087700000, 0x0000000087700000, 0x0000000087800000|  0%| F|  |TAMS 0x0000000087700000, 0x0000000087700000| Untracked 
|  64|0x0000000087800000, 0x0000000087900000, 0x0000000087900000|100%| O|  |TAMS 0x0000000087900000, 0x0000000087900000| Untracked 
|  65|0x0000000087900000, 0x0000000087900000, 0x0000000087a00000|  0%| F|  |TAMS 0x0000000087900000, 0x0000000087900000| Untracked 
|  66|0x0000000087a00000, 0x0000000087a00000, 0x0000000087b00000|  0%| F|  |TAMS 0x0000000087a00000, 0x0000000087a00000| Untracked 
|  67|0x0000000087b00000, 0x0000000087b00000, 0x0000000087c00000|  0%| F|  |TAMS 0x0000000087b00000, 0x0000000087b00000| Untracked 
|  68|0x0000000087c00000, 0x0000000087c00000, 0x0000000087d00000|  0%| F|  |TAMS 0x0000000087c00000, 0x0000000087c00000| Untracked 
|  69|0x0000000087d00000, 0x0000000087e00000, 0x0000000087e00000|100%| O|  |TAMS 0x0000000087e00000, 0x0000000087e00000| Untracked 
|  70|0x0000000087e00000, 0x0000000087f00000, 0x0000000087f00000|100%| O|  |TAMS 0x0000000087f00000, 0x0000000087f00000| Untracked 
|  71|0x0000000087f00000, 0x0000000088000000, 0x0000000088000000|100%| O|  |TAMS 0x0000000088000000, 0x0000000088000000| Untracked 
|  72|0x0000000088000000, 0x0000000088100000, 0x0000000088100000|100%| O|  |TAMS 0x0000000088100000, 0x0000000088100000| Untracked 
|  73|0x0000000088100000, 0x0000000088200000, 0x0000000088200000|100%| O|  |TAMS 0x0000000088200000, 0x0000000088200000| Untracked 
|  74|0x0000000088200000, 0x0000000088300000, 0x0000000088300000|100%|HS|  |TAMS 0x0000000088300000, 0x0000000088300000| Complete 
|  75|0x0000000088300000, 0x0000000088400000, 0x0000000088400000|100%|HC|  |TAMS 0x0000000088400000, 0x0000000088400000| Complete 
|  76|0x0000000088400000, 0x0000000088400000, 0x0000000088500000|  0%| F|  |TAMS 0x0000000088400000, 0x0000000088400000| Untracked 
|  77|0x0000000088500000, 0x0000000088500000, 0x0000000088600000|  0%| F|  |TAMS 0x0000000088500000, 0x0000000088500000| Untracked 
|  78|0x0000000088600000, 0x0000000088700000, 0x0000000088700000|100%|HS|  |TAMS 0x0000000088700000, 0x0000000088700000| Complete 
|  79|0x0000000088700000, 0x0000000088800000, 0x0000000088800000|100%|HC|  |TAMS 0x0000000088800000, 0x0000000088800000| Complete 
|  80|0x0000000088800000, 0x0000000088800000, 0x0000000088900000|  0%| F|  |TAMS 0x0000000088800000, 0x0000000088800000| Untracked 
|  81|0x0000000088900000, 0x0000000088900000, 0x0000000088a00000|  0%| F|  |TAMS 0x0000000088900000, 0x0000000088900000| Untracked 
|  82|0x0000000088a00000, 0x0000000088b00000, 0x0000000088b00000|100%|HS|  |TAMS 0x0000000088b00000, 0x0000000088b00000| Complete 
|  83|0x0000000088b00000, 0x0000000088c00000, 0x0000000088c00000|100%|HC|  |TAMS 0x0000000088c00000, 0x0000000088c00000| Complete 
|  84|0x0000000088c00000, 0x0000000088d00000, 0x0000000088d00000|100%|HS|  |TAMS 0x0000000088d00000, 0x0000000088d00000| Complete 
|  85|0x0000000088d00000, 0x0000000088e00000, 0x0000000088e00000|100%|HC|  |TAMS 0x0000000088e00000, 0x0000000088e00000| Complete 
|  86|0x0000000088e00000, 0x0000000088e00000, 0x0000000088f00000|  0%| F|  |TAMS 0x0000000088e00000, 0x0000000088e00000| Untracked 
|  87|0x0000000088f00000, 0x0000000088f00000, 0x0000000089000000|  0%| F|  |TAMS 0x0000000088f00000, 0x0000000088f00000| Untracked 
|  88|0x0000000089000000, 0x0000000089000000, 0x0000000089100000|  0%| F|  |TAMS 0x0000000089000000, 0x0000000089000000| Untracked 
|  89|0x0000000089100000, 0x0000000089100000, 0x0000000089200000|  0%| F|  |TAMS 0x0000000089100000, 0x0000000089100000| Untracked 
|  90|0x0000000089200000, 0x0000000089300000, 0x0000000089300000|100%|HS|  |TAMS 0x0000000089300000, 0x0000000089300000| Complete 
|  91|0x0000000089300000, 0x0000000089400000, 0x0000000089400000|100%|HC|  |TAMS 0x0000000089400000, 0x0000000089400000| Complete 
|  92|0x0000000089400000, 0x0000000089500000, 0x0000000089500000|100%| O|  |TAMS 0x0000000089500000, 0x0000000089500000| Untracked 
|  93|0x0000000089500000, 0x0000000089600000, 0x0000000089600000|100%| O|  |TAMS 0x0000000089600000, 0x0000000089600000| Untracked 
|  94|0x0000000089600000, 0x0000000089700000, 0x0000000089700000|100%|HS|  |TAMS 0x0000000089700000, 0x0000000089700000| Complete 
|  95|0x0000000089700000, 0x0000000089800000, 0x0000000089800000|100%|HC|  |TAMS 0x0000000089800000, 0x0000000089800000| Complete 
|  96|0x0000000089800000, 0x0000000089900000, 0x0000000089900000|100%|HS|  |TAMS 0x0000000089900000, 0x0000000089900000| Complete 
|  97|0x0000000089900000, 0x0000000089a00000, 0x0000000089a00000|100%|HC|  |TAMS 0x0000000089a00000, 0x0000000089a00000| Complete 
|  98|0x0000000089a00000, 0x0000000089a00000, 0x0000000089b00000|  0%| F|  |TAMS 0x0000000089a00000, 0x0000000089a00000| Untracked 
|  99|0x0000000089b00000, 0x0000000089b00000, 0x0000000089c00000|  0%| F|  |TAMS 0x0000000089b00000, 0x0000000089b00000| Untracked 
| 100|0x0000000089c00000, 0x0000000089c00000, 0x0000000089d00000|  0%| F|  |TAMS 0x0000000089c00000, 0x0000000089c00000| Untracked 
| 101|0x0000000089d00000, 0x0000000089d00000, 0x0000000089e00000|  0%| F|  |TAMS 0x0000000089d00000, 0x0000000089d00000| Untracked 
| 102|0x0000000089e00000, 0x0000000089f00000, 0x0000000089f00000|100%|HS|  |TAMS 0x0000000089f00000, 0x0000000089f00000| Complete 
| 103|0x0000000089f00000, 0x000000008a000000, 0x000000008a000000|100%|HC|  |TAMS 0x000000008a000000, 0x000000008a000000| Complete 
| 104|0x000000008a000000, 0x000000008a100000, 0x000000008a100000|100%|HS|  |TAMS 0x000000008a100000, 0x000000008a100000| Complete 
| 105|0x000000008a100000, 0x000000008a200000, 0x000000008a200000|100%|HC|  |TAMS 0x000000008a200000, 0x000000008a200000| Complete 
| 106|0x000000008a200000, 0x000000008a200000, 0x000000008a300000|  0%| F|  |TAMS 0x000000008a200000, 0x000000008a200000| Untracked 
| 107|0x000000008a300000, 0x000000008a300000, 0x000000008a400000|  0%| F|  |TAMS 0x000000008a300000, 0x000000008a300000| Untracked 
| 108|0x000000008a400000, 0x000000008a400000, 0x000000008a500000|  0%| F|  |TAMS 0x000000008a400000, 0x000000008a400000| Untracked 
| 109|0x000000008a500000, 0x000000008a500000, 0x000000008a600000|  0%| F|  |TAMS 0x000000008a500000, 0x000000008a500000| Untracked 
| 110|0x000000008a600000, 0x000000008a700000, 0x000000008a700000|100%|HS|  |TAMS 0x000000008a700000, 0x000000008a700000| Complete 
| 111|0x000000008a700000, 0x000000008a800000, 0x000000008a800000|100%|HC|  |TAMS 0x000000008a800000, 0x000000008a800000| Complete 
| 112|0x000000008a800000, 0x000000008a900000, 0x000000008a900000|100%|HS|  |TAMS 0x000000008a900000, 0x000000008a900000| Complete 
| 113|0x000000008a900000, 0x000000008aa00000, 0x000000008aa00000|100%|HC|  |TAMS 0x000000008aa00000, 0x000000008aa00000| Complete 
| 114|0x000000008aa00000, 0x000000008ab00000, 0x000000008ab00000|100%|HS|  |TAMS 0x000000008ab00000, 0x000000008ab00000| Complete 
| 115|0x000000008ab00000, 0x000000008ac00000, 0x000000008ac00000|100%|HC|  |TAMS 0x000000008ac00000, 0x000000008ac00000| Complete 
| 116|0x000000008ac00000, 0x000000008ac00000, 0x000000008ad00000|  0%| F|  |TAMS 0x000000008ac00000, 0x000000008ac00000| Untracked 
| 117|0x000000008ad00000, 0x000000008ad00000, 0x000000008ae00000|  0%| F|  |TAMS 0x000000008ad00000, 0x000000008ad00000| Untracked 
| 118|0x000000008ae00000, 0x000000008ae00000, 0x000000008af00000|  0%| F|  |TAMS 0x000000008ae00000, 0x000000008ae00000| Untracked 
| 119|0x000000008af00000, 0x000000008af00000, 0x000000008b000000|  0%| F|  |TAMS 0x000000008af00000, 0x000000008af00000| Untracked 
| 120|0x000000008b000000, 0x000000008b100000, 0x000000008b100000|100%|HS|  |TAMS 0x000000008b100000, 0x000000008b100000| Complete 
| 121|0x000000008b100000, 0x000000008b200000, 0x000000008b200000|100%|HC|  |TAMS 0x000000008b200000, 0x000000008b200000| Complete 
| 122|0x000000008b200000, 0x000000008b200000, 0x000000008b300000|  0%| F|  |TAMS 0x000000008b200000, 0x000000008b200000| Untracked 
| 123|0x000000008b300000, 0x000000008b300000, 0x000000008b400000|  0%| F|  |TAMS 0x000000008b300000, 0x000000008b300000| Untracked 
| 124|0x000000008b400000, 0x000000008b500000, 0x000000008b500000|100%|HS|  |TAMS 0x000000008b500000, 0x000000008b500000| Complete 
| 125|0x000000008b500000, 0x000000008b600000, 0x000000008b600000|100%|HC|  |TAMS 0x000000008b600000, 0x000000008b600000| Complete 
| 126|0x000000008b600000, 0x000000008b600000, 0x000000008b700000|  0%| F|  |TAMS 0x000000008b600000, 0x000000008b600000| Untracked 
| 127|0x000000008b700000, 0x000000008b700000, 0x000000008b800000|  0%| F|  |TAMS 0x000000008b700000, 0x000000008b700000| Untracked 
| 128|0x000000008b800000, 0x000000008b800000, 0x000000008b900000|  0%| F|  |TAMS 0x000000008b800000, 0x000000008b800000| Untracked 
| 129|0x000000008b900000, 0x000000008b900000, 0x000000008ba00000|  0%| F|  |TAMS 0x000000008b900000, 0x000000008b900000| Untracked 
| 130|0x000000008ba00000, 0x000000008bb00000, 0x000000008bb00000|100%|HS|  |TAMS 0x000000008bb00000, 0x000000008bb00000| Complete 
| 131|0x000000008bb00000, 0x000000008bc00000, 0x000000008bc00000|100%|HC|  |TAMS 0x000000008bc00000, 0x000000008bc00000| Complete 
| 132|0x000000008bc00000, 0x000000008bc00000, 0x000000008bd00000|  0%| F|  |TAMS 0x000000008bc00000, 0x000000008bc00000| Untracked 
| 133|0x000000008bd00000, 0x000000008bd00000, 0x000000008be00000|  0%| F|  |TAMS 0x000000008bd00000, 0x000000008bd00000| Untracked 
| 134|0x000000008be00000, 0x000000008be00000, 0x000000008bf00000|  0%| F|  |TAMS 0x000000008be00000, 0x000000008be00000| Untracked 
| 135|0x000000008bf00000, 0x000000008bf00000, 0x000000008c000000|  0%| F|  |TAMS 0x000000008bf00000, 0x000000008bf00000| Untracked 
| 136|0x000000008c000000, 0x000000008c100000, 0x000000008c100000|100%|HS|  |TAMS 0x000000008c100000, 0x000000008c100000| Complete 
| 137|0x000000008c100000, 0x000000008c200000, 0x000000008c200000|100%|HC|  |TAMS 0x000000008c200000, 0x000000008c200000| Complete 
| 138|0x000000008c200000, 0x000000008c200000, 0x000000008c300000|  0%| F|  |TAMS 0x000000008c200000, 0x000000008c200000| Untracked 
| 139|0x000000008c300000, 0x000000008c300000, 0x000000008c400000|  0%| F|  |TAMS 0x000000008c300000, 0x000000008c300000| Untracked 
| 140|0x000000008c400000, 0x000000008c400000, 0x000000008c500000|  0%| F|  |TAMS 0x000000008c400000, 0x000000008c400000| Untracked 
| 141|0x000000008c500000, 0x000000008c500000, 0x000000008c600000|  0%| F|  |TAMS 0x000000008c500000, 0x000000008c500000| Untracked 
| 142|0x000000008c600000, 0x000000008c700000, 0x000000008c700000|100%|HS|  |TAMS 0x000000008c700000, 0x000000008c700000| Complete 
| 143|0x000000008c700000, 0x000000008c800000, 0x000000008c800000|100%|HC|  |TAMS 0x000000008c800000, 0x000000008c800000| Complete 
| 144|0x000000008c800000, 0x000000008c900000, 0x000000008c900000|100%| O|  |TAMS 0x000000008c900000, 0x000000008c900000| Untracked 
| 145|0x000000008c900000, 0x000000008c9dd200, 0x000000008ca00000| 86%| O|  |TAMS 0x000000008c9d3600, 0x000000008c9dd200| Untracked 
| 146|0x000000008ca00000, 0x000000008cb00000, 0x000000008cb00000|100%|HS|  |TAMS 0x000000008cb00000, 0x000000008cb00000| Complete 
| 147|0x000000008cb00000, 0x000000008cc00000, 0x000000008cc00000|100%|HC|  |TAMS 0x000000008cc00000, 0x000000008cc00000| Complete 
| 148|0x000000008cc00000, 0x000000008cc00000, 0x000000008cd00000|  0%| F|  |TAMS 0x000000008cc00000, 0x000000008cc00000| Untracked 
| 149|0x000000008cd00000, 0x000000008cd00000, 0x000000008ce00000|  0%| F|  |TAMS 0x000000008cd00000, 0x000000008cd00000| Untracked 
| 150|0x000000008ce00000, 0x000000008ce00000, 0x000000008cf00000|  0%| F|  |TAMS 0x000000008ce00000, 0x000000008ce00000| Untracked 
| 151|0x000000008cf00000, 0x000000008cf00000, 0x000000008d000000|  0%| F|  |TAMS 0x000000008cf00000, 0x000000008cf00000| Untracked 
| 152|0x000000008d000000, 0x000000008d100000, 0x000000008d100000|100%|HS|  |TAMS 0x000000008d100000, 0x000000008d100000| Complete 
| 153|0x000000008d100000, 0x000000008d200000, 0x000000008d200000|100%|HC|  |TAMS 0x000000008d200000, 0x000000008d200000| Complete 
| 154|0x000000008d200000, 0x000000008d300000, 0x000000008d300000|100%|HS|  |TAMS 0x000000008d300000, 0x000000008d300000| Complete 
| 155|0x000000008d300000, 0x000000008d400000, 0x000000008d400000|100%|HC|  |TAMS 0x000000008d400000, 0x000000008d400000| Complete 
| 156|0x000000008d400000, 0x000000008d400000, 0x000000008d500000|  0%| F|  |TAMS 0x000000008d400000, 0x000000008d400000| Untracked 
| 157|0x000000008d500000, 0x000000008d500000, 0x000000008d600000|  0%| F|  |TAMS 0x000000008d500000, 0x000000008d500000| Untracked 
| 158|0x000000008d600000, 0x000000008d700000, 0x000000008d700000|100%|HS|  |TAMS 0x000000008d700000, 0x000000008d700000| Complete 
| 159|0x000000008d700000, 0x000000008d800000, 0x000000008d800000|100%|HC|  |TAMS 0x000000008d800000, 0x000000008d800000| Complete 
| 160|0x000000008d800000, 0x000000008d900000, 0x000000008d900000|100%|HS|  |TAMS 0x000000008d900000, 0x000000008d900000| Complete 
| 161|0x000000008d900000, 0x000000008da00000, 0x000000008da00000|100%|HC|  |TAMS 0x000000008da00000, 0x000000008da00000| Complete 
| 162|0x000000008da00000, 0x000000008db00000, 0x000000008db00000|100%|HS|  |TAMS 0x000000008db00000, 0x000000008db00000| Complete 
| 163|0x000000008db00000, 0x000000008dc00000, 0x000000008dc00000|100%|HC|  |TAMS 0x000000008dc00000, 0x000000008dc00000| Complete 
| 164|0x000000008dc00000, 0x000000008dd00000, 0x000000008dd00000|100%|HS|  |TAMS 0x000000008dd00000, 0x000000008dd00000| Complete 
| 165|0x000000008dd00000, 0x000000008de00000, 0x000000008de00000|100%|HC|  |TAMS 0x000000008de00000, 0x000000008de00000| Complete 
| 166|0x000000008de00000, 0x000000008df00000, 0x000000008df00000|100%|HS|  |TAMS 0x000000008df00000, 0x000000008df00000| Complete 
| 167|0x000000008df00000, 0x000000008e000000, 0x000000008e000000|100%|HC|  |TAMS 0x000000008e000000, 0x000000008e000000| Complete 
| 168|0x000000008e000000, 0x000000008e100000, 0x000000008e100000|100%|HS|  |TAMS 0x000000008e100000, 0x000000008e100000| Complete 
| 169|0x000000008e100000, 0x000000008e200000, 0x000000008e200000|100%|HC|  |TAMS 0x000000008e200000, 0x000000008e200000| Complete 
| 170|0x000000008e200000, 0x000000008e300000, 0x000000008e300000|100%|HS|  |TAMS 0x000000008e300000, 0x000000008e300000| Complete 
| 171|0x000000008e300000, 0x000000008e400000, 0x000000008e400000|100%|HC|  |TAMS 0x000000008e400000, 0x000000008e400000| Complete 
| 172|0x000000008e400000, 0x000000008e500000, 0x000000008e500000|100%|HS|  |TAMS 0x000000008e500000, 0x000000008e500000| Complete 
| 173|0x000000008e500000, 0x000000008e600000, 0x000000008e600000|100%|HC|  |TAMS 0x000000008e600000, 0x000000008e600000| Complete 
| 174|0x000000008e600000, 0x000000008e700000, 0x000000008e700000|100%|HS|  |TAMS 0x000000008e700000, 0x000000008e700000| Complete 
| 175|0x000000008e700000, 0x000000008e800000, 0x000000008e800000|100%|HC|  |TAMS 0x000000008e800000, 0x000000008e800000| Complete 
| 176|0x000000008e800000, 0x000000008e800000, 0x000000008e900000|  0%| F|  |TAMS 0x000000008e800000, 0x000000008e800000| Untracked 
| 177|0x000000008e900000, 0x000000008e900000, 0x000000008ea00000|  0%| F|  |TAMS 0x000000008e900000, 0x000000008e900000| Untracked 
| 178|0x000000008ea00000, 0x000000008ea00000, 0x000000008eb00000|  0%| F|  |TAMS 0x000000008ea00000, 0x000000008ea00000| Untracked 
| 179|0x000000008eb00000, 0x000000008eb00000, 0x000000008ec00000|  0%| F|  |TAMS 0x000000008eb00000, 0x000000008eb00000| Untracked 
| 180|0x000000008ec00000, 0x000000008ec00000, 0x000000008ed00000|  0%| F|  |TAMS 0x000000008ec00000, 0x000000008ec00000| Untracked 
| 181|0x000000008ed00000, 0x000000008ed00000, 0x000000008ee00000|  0%| F|  |TAMS 0x000000008ed00000, 0x000000008ed00000| Untracked 
| 182|0x000000008ee00000, 0x000000008ee00000, 0x000000008ef00000|  0%| F|  |TAMS 0x000000008ee00000, 0x000000008ee00000| Untracked 
| 183|0x000000008ef00000, 0x000000008ef00000, 0x000000008f000000|  0%| F|  |TAMS 0x000000008ef00000, 0x000000008ef00000| Untracked 
| 184|0x000000008f000000, 0x000000008f000000, 0x000000008f100000|  0%| F|  |TAMS 0x000000008f000000, 0x000000008f000000| Untracked 
| 185|0x000000008f100000, 0x000000008f100000, 0x000000008f200000|  0%| F|  |TAMS 0x000000008f100000, 0x000000008f100000| Untracked 
| 186|0x000000008f200000, 0x000000008f200000, 0x000000008f300000|  0%| F|  |TAMS 0x000000008f200000, 0x000000008f200000| Untracked 
| 187|0x000000008f300000, 0x000000008f300000, 0x000000008f400000|  0%| F|  |TAMS 0x000000008f300000, 0x000000008f300000| Untracked 
| 188|0x000000008f400000, 0x000000008f400000, 0x000000008f500000|  0%| F|  |TAMS 0x000000008f400000, 0x000000008f400000| Untracked 
| 189|0x000000008f500000, 0x000000008f500000, 0x000000008f600000|  0%| F|  |TAMS 0x000000008f500000, 0x000000008f500000| Untracked 
| 190|0x000000008f600000, 0x000000008f600000, 0x000000008f700000|  0%| F|  |TAMS 0x000000008f600000, 0x000000008f600000| Untracked 
| 191|0x000000008f700000, 0x000000008f700000, 0x000000008f800000|  0%| F|  |TAMS 0x000000008f700000, 0x000000008f700000| Untracked 
| 192|0x000000008f800000, 0x000000008f800000, 0x000000008f900000|  0%| F|  |TAMS 0x000000008f800000, 0x000000008f800000| Untracked 
| 193|0x000000008f900000, 0x000000008f900000, 0x000000008fa00000|  0%| F|  |TAMS 0x000000008f900000, 0x000000008f900000| Untracked 
| 194|0x000000008fa00000, 0x000000008fa00000, 0x000000008fb00000|  0%| F|  |TAMS 0x000000008fa00000, 0x000000008fa00000| Untracked 
| 195|0x000000008fb00000, 0x000000008fb00000, 0x000000008fc00000|  0%| F|  |TAMS 0x000000008fb00000, 0x000000008fb00000| Untracked 
| 196|0x000000008fc00000, 0x000000008fc00000, 0x000000008fd00000|  0%| F|  |TAMS 0x000000008fc00000, 0x000000008fc00000| Untracked 
| 197|0x000000008fd00000, 0x000000008fd00000, 0x000000008fe00000|  0%| F|  |TAMS 0x000000008fd00000, 0x000000008fd00000| Untracked 
| 198|0x000000008fe00000, 0x000000008fe00000, 0x000000008ff00000|  0%| F|  |TAMS 0x000000008fe00000, 0x000000008fe00000| Untracked 
| 199|0x000000008ff00000, 0x000000008ff00000, 0x0000000090000000|  0%| F|  |TAMS 0x000000008ff00000, 0x000000008ff00000| Untracked 
| 200|0x0000000090000000, 0x0000000090000000, 0x0000000090100000|  0%| F|  |TAMS 0x0000000090000000, 0x0000000090000000| Untracked 
| 201|0x0000000090100000, 0x0000000090100000, 0x0000000090200000|  0%| F|  |TAMS 0x0000000090100000, 0x0000000090100000| Untracked 
| 202|0x0000000090200000, 0x0000000090200000, 0x0000000090300000|  0%| F|  |TAMS 0x0000000090200000, 0x0000000090200000| Untracked 
| 203|0x0000000090300000, 0x0000000090300000, 0x0000000090400000|  0%| F|  |TAMS 0x0000000090300000, 0x0000000090300000| Untracked 
| 204|0x0000000090400000, 0x0000000090400000, 0x0000000090500000|  0%| F|  |TAMS 0x0000000090400000, 0x0000000090400000| Untracked 
| 205|0x0000000090500000, 0x0000000090500000, 0x0000000090600000|  0%| F|  |TAMS 0x0000000090500000, 0x0000000090500000| Untracked 
| 206|0x0000000090600000, 0x0000000090600000, 0x0000000090700000|  0%| F|  |TAMS 0x0000000090600000, 0x0000000090600000| Untracked 
| 207|0x0000000090700000, 0x0000000090700000, 0x0000000090800000|  0%| F|  |TAMS 0x0000000090700000, 0x0000000090700000| Untracked 
| 208|0x0000000090800000, 0x0000000090800000, 0x0000000090900000|  0%| F|  |TAMS 0x0000000090800000, 0x0000000090800000| Untracked 
| 209|0x0000000090900000, 0x0000000090900000, 0x0000000090a00000|  0%| F|  |TAMS 0x0000000090900000, 0x0000000090900000| Untracked 
| 210|0x0000000090a00000, 0x0000000090a00000, 0x0000000090b00000|  0%| F|  |TAMS 0x0000000090a00000, 0x0000000090a00000| Untracked 
| 211|0x0000000090b00000, 0x0000000090b00000, 0x0000000090c00000|  0%| F|  |TAMS 0x0000000090b00000, 0x0000000090b00000| Untracked 
| 212|0x0000000090c00000, 0x0000000090c00000, 0x0000000090d00000|  0%| F|  |TAMS 0x0000000090c00000, 0x0000000090c00000| Untracked 
| 213|0x0000000090d00000, 0x0000000090d00000, 0x0000000090e00000|  0%| F|  |TAMS 0x0000000090d00000, 0x0000000090d00000| Untracked 
| 214|0x0000000090e00000, 0x0000000090e00000, 0x0000000090f00000|  0%| F|  |TAMS 0x0000000090e00000, 0x0000000090e00000| Untracked 
| 215|0x0000000090f00000, 0x0000000090f00000, 0x0000000091000000|  0%| F|  |TAMS 0x0000000090f00000, 0x0000000090f00000| Untracked 
| 216|0x0000000091000000, 0x0000000091000000, 0x0000000091100000|  0%| F|  |TAMS 0x0000000091000000, 0x0000000091000000| Untracked 
| 217|0x0000000091100000, 0x00000000911aee08, 0x0000000091200000| 68%| S|CS|TAMS 0x0000000091100000, 0x0000000091100000| Complete 
| 218|0x0000000091200000, 0x0000000091200000, 0x0000000091300000|  0%| F|  |TAMS 0x0000000091200000, 0x0000000091200000| Untracked 
| 219|0x0000000091300000, 0x0000000091300000, 0x0000000091400000|  0%| F|  |TAMS 0x0000000091300000, 0x0000000091300000| Untracked 

Card table byte_map: [0x000001b161e90000,0x000001b162280000] _byte_map_base: 0x000001b161a74000

Marking Bits (Prev, Next): (CMBitMap*) 0x000001b149cd40d0, (CMBitMap*) 0x000001b149cd4098
 Prev Bits: [0x000001b164590000, 0x000001b1664b0000)
 Next Bits: [0x000001b162670000, 0x000001b164590000)

Polling page: 0x000001b149d60000

Metaspace:

Usage:
  Non-class:     41.47 MB capacity,    40.86 MB ( 99%) used,   516.65 KB (  1%) free+waste,   104.50 KB ( <1%) overhead. 
      Class:      5.44 MB capacity,     5.12 MB ( 94%) used,   280.89 KB (  5%) free+waste,    44.63 KB ( <1%) overhead. 
       Both:     46.91 MB capacity,    45.99 MB ( 98%) used,   797.54 KB (  2%) free+waste,   149.13 KB ( <1%) overhead. 

Virtual space:
  Non-class space:       42.00 MB reserved,      41.67 MB (>99%) committed 
      Class space:        1.00 GB reserved,       5.50 MB ( <1%) committed 
             Both:        1.04 GB reserved,      47.17 MB (  4%) committed 

Chunk freelists:
   Non-Class:  9.75 KB
       Class:  1.13 KB
        Both:  10.88 KB

CodeHeap 'non-profiled nmethods': size=120000Kb used=3138Kb max_used=3138Kb free=116861Kb
 bounds [0x000001b159b00000, 0x000001b159e20000, 0x000001b161030000]
CodeHeap 'profiled nmethods': size=120000Kb used=11761Kb max_used=11761Kb free=108238Kb
 bounds [0x000001b1525d0000, 0x000001b153160000, 0x000001b159b00000]
CodeHeap 'non-nmethods': size=5760Kb used=1210Kb max_used=1272Kb free=4549Kb
 bounds [0x000001b152030000, 0x000001b1522a0000, 0x000001b1525d0000]
 total_blobs=8680 nmethods=5289 adapters=482
 compilation: enabled
              stopped_count=0, restarted_count=0
 full_count=0

Compilation events (10 events):
Event: 16.275 Thread 0x000001b1697cb800 6226   !   3       java.lang.ThreadGroup::remove (94 bytes)
Event: 16.276 Thread 0x000001b1697cb800 nmethod 6226 0x000001b153158c10 code [0x000001b153158e00, 0x000001b153159530]
Event: 16.276 Thread 0x000001b1697cb800 6227       3       java.util.AbstractQueue::<init> (5 bytes)
Event: 16.276 Thread 0x000001b1697cb800 nmethod 6227 0x000001b153159810 code [0x000001b1531599c0, 0x000001b153159bd8]
Event: 16.277 Thread 0x000001b16981e000 nmethod 6221% 0x000001b159e0c790 code [0x000001b159e0ca20, 0x000001b159e0fd30]
Event: 16.292 Thread 0x000001b1697cb800 6228       1       com.google.api.client.http.AbstractInputStreamContent::getType (5 bytes)
Event: 16.292 Thread 0x000001b1697cb800 nmethod 6228 0x000001b159e11110 code [0x000001b159e112c0, 0x000001b159e113d8]
Event: 16.322 Thread 0x000001b16981e000 6229   !   4       com.sun.crypto.provider.GCTR::doFinal (130 bytes)
Event: 16.336 Thread 0x000001b16981e000 nmethod 6229 0x000001b159e11490 code [0x000001b159e11660, 0x000001b159e12348]
Event: 16.399 Thread 0x000001b1697cb800 6230       3       com.google.api.client.http.GenericUrl::<init> (7 bytes)

GC Heap History (10 events):
Event: 15.985 GC heap after
{Heap after GC invocations=56 (full 0):
 garbage-first heap   total 187392K, used 149971K [0x0000000083800000, 0x0000000100000000)
  region size 1024K, 1 young (1024K), 1 survivors (1024K)
 Metaspace       used 47082K, capacity 48039K, committed 48304K, reserved 1091584K
  class space    used 5247K, capacity 5573K, committed 5632K, reserved 1048576K
}
Event: 16.030 GC heap before
{Heap before GC invocations=57 (full 0):
 garbage-first heap   total 187392K, used 127443K [0x0000000083800000, 0x0000000100000000)
  region size 1024K, 2 young (2048K), 1 survivors (1024K)
 Metaspace       used 47082K, capacity 48039K, committed 48304K, reserved 1091584K
  class space    used 5247K, capacity 5573K, committed 5632K, reserved 1048576K
}
Event: 16.032 GC heap after
{Heap after GC invocations=58 (full 0):
 garbage-first heap   total 225280K, used 127421K [0x0000000083800000, 0x0000000100000000)
  region size 1024K, 1 young (1024K), 1 survivors (1024K)
 Metaspace       used 47082K, capacity 48039K, committed 48304K, reserved 1091584K
  class space    used 5247K, capacity 5573K, committed 5632K, reserved 1048576K
}
Event: 16.150 GC heap before
{Heap before GC invocations=59 (full 0):
 garbage-first heap   total 225280K, used 121277K [0x0000000083800000, 0x0000000100000000)
  region size 1024K, 2 young (2048K), 1 survivors (1024K)
 Metaspace       used 47085K, capacity 48039K, committed 48304K, reserved 1091584K
  class space    used 5247K, capacity 5573K, committed 5632K, reserved 1048576K
}
Event: 16.151 GC heap after
{Heap after GC invocations=60 (full 0):
 garbage-first heap   total 225280K, used 121304K [0x0000000083800000, 0x0000000100000000)
  region size 1024K, 1 young (1024K), 1 survivors (1024K)
 Metaspace       used 47085K, capacity 48039K, committed 48304K, reserved 1091584K
  class space    used 5247K, capacity 5573K, committed 5632K, reserved 1048576K
}
Event: 16.217 GC heap before
{Heap before GC invocations=61 (full 0):
 garbage-first heap   total 225280K, used 123352K [0x0000000083800000, 0x0000000100000000)
  region size 1024K, 2 young (2048K), 1 survivors (1024K)
 Metaspace       used 47086K, capacity 48039K, committed 48304K, reserved 1091584K
  class space    used 5247K, capacity 5573K, committed 5632K, reserved 1048576K
}
Event: 16.218 GC heap after
{Heap after GC invocations=62 (full 0):
 garbage-first heap   total 225280K, used 123372K [0x0000000083800000, 0x0000000100000000)
  region size 1024K, 1 young (1024K), 1 survivors (1024K)
 Metaspace       used 47086K, capacity 48039K, committed 48304K, reserved 1091584K
  class space    used 5247K, capacity 5573K, committed 5632K, reserved 1048576K
}
Event: 16.290 GC heap before
{Heap before GC invocations=63 (full 0):
 garbage-first heap   total 225280K, used 130540K [0x0000000083800000, 0x0000000100000000)
  region size 1024K, 3 young (3072K), 1 survivors (1024K)
 Metaspace       used 47091K, capacity 48039K, committed 48304K, reserved 1091584K
  class space    used 5247K, capacity 5573K, committed 5632K, reserved 1048576K
}
Event: 16.291 GC heap after
{Heap after GC invocations=64 (full 0):
 garbage-first heap   total 225280K, used 129573K [0x0000000083800000, 0x0000000100000000)
  region size 1024K, 1 young (1024K), 1 survivors (1024K)
 Metaspace       used 47091K, capacity 48039K, committed 48304K, reserved 1091584K
  class space    used 5247K, capacity 5573K, committed 5632K, reserved 1048576K
}
Event: 16.399 GC heap before
{Heap before GC invocations=65 (full 0):
 garbage-first heap   total 225280K, used 132645K [0x0000000083800000, 0x0000000100000000)
  region size 1024K, 3 young (3072K), 1 survivors (1024K)
 Metaspace       used 47092K, capacity 48039K, committed 48304K, reserved 1091584K
  class space    used 5247K, capacity 5573K, committed 5632K, reserved 1048576K
}

Deoptimization events (10 events):
Event: 12.124 Thread 0x000001b149c93800 Uncommon trap: reason=array_check action=maybe_recompile pc=0x000001b159b4a83c method=java.util.TimSort.reverseRange([Ljava/lang/Object;II)V @ 20 c2
Event: 12.522 Thread 0x000001b16b11f000 Uncommon trap: reason=speculate_class_check action=maybe_recompile pc=0x000001b159ce076c method=java.util.zip.InflaterInputStream.read([BII)I @ 100 c2
Event: 12.522 Thread 0x000001b16b11f000 Uncommon trap: reason=intrinsic_or_type_checked_inlining action=make_not_entrant pc=0x000001b159c8cf48 method=java.util.ArrayList$SubList.toArray([Ljava/lang/Object;)[Ljava/lang/Object; @ 58 c2
Event: 12.553 Thread 0x000001b16dc3e800 Uncommon trap: reason=speculate_class_check action=maybe_recompile pc=0x000001b159ce076c method=java.util.zip.InflaterInputStream.read([BII)I @ 100 c2
Event: 12.557 Thread 0x000001b16dc39800 Uncommon trap: reason=speculate_class_check action=maybe_recompile pc=0x000001b159ce076c method=java.util.zip.InflaterInputStream.read([BII)I @ 100 c2
Event: 12.571 Thread 0x000001b16dc3d800 Uncommon trap: reason=speculate_class_check action=maybe_recompile pc=0x000001b159c689d4 method=java.util.zip.InflaterInputStream.read()I @ 11 c2
Event: 12.571 Thread 0x000001b16dc3c000 Uncommon trap: reason=speculate_class_check action=maybe_recompile pc=0x000001b159c689d4 method=java.util.zip.InflaterInputStream.read()I @ 11 c2
Event: 12.571 Thread 0x000001b16dc37000 Uncommon trap: reason=speculate_class_check action=maybe_recompile pc=0x000001b159c689d4 method=java.util.zip.InflaterInputStream.read()I @ 11 c2
Event: 12.571 Thread 0x000001b16dc3c000 Uncommon trap: reason=speculate_class_check action=maybe_recompile pc=0x000001b159c689d4 method=java.util.zip.InflaterInputStream.read()I @ 11 c2
Event: 14.693 Thread 0x000001b16ac8c800 Uncommon trap: reason=null_check action=make_not_entrant pc=0x000001b159d0b820 method=com.google.api.client.util.FieldInfo.setValue(Ljava/lang/Object;Ljava/lang/Object;)V @ 48 c2

Classes redefined (0 events):
No events

Internal exceptions (10 events):
Event: 15.741 Thread 0x000001b16bcee800 Exception <a 'java/net/SocketTimeoutException'{0x000000008ee1fd20}: Read timed out> (0x000000008ee1fd20) thrown at [t:/workspace/open/src/hotspot/share/prims/jni.cpp, line 636]
Event: 15.865 Thread 0x000001b16bcea800 Exception <a 'java/net/SocketTimeoutException'{0x000000008ee55ac0}: Read timed out> (0x000000008ee55ac0) thrown at [t:/workspace/open/src/hotspot/share/prims/jni.cpp, line 636]
Event: 15.865 Thread 0x000001b16bced000 Exception <a 'java/net/SocketTimeoutException'{0x000000008ee48f28}: Read timed out> (0x000000008ee48f28) thrown at [t:/workspace/open/src/hotspot/share/prims/jni.cpp, line 636]
Event: 15.926 Thread 0x000001b16bcf4800 Exception <a 'java/net/SocketTimeoutException'{0x000000008ee21468}: Read timed out> (0x000000008ee21468) thrown at [t:/workspace/open/src/hotspot/share/prims/jni.cpp, line 636]
Event: 15.957 Thread 0x000001b16bcef800 Exception <a 'java/net/SocketTimeoutException'{0x000000008ed1fb08}: Read timed out> (0x000000008ed1fb08) thrown at [t:/workspace/open/src/hotspot/share/prims/jni.cpp, line 636]
Event: 15.957 Thread 0x000001b16bceb800 Exception <a 'java/net/SocketTimeoutException'{0x000000008ed599d0}: Read timed out> (0x000000008ed599d0) thrown at [t:/workspace/open/src/hotspot/share/prims/jni.cpp, line 636]
Event: 15.988 Thread 0x000001b16bcf3800 Exception <a 'java/net/SocketTimeoutException'{0x000000008ee25d60}: Read timed out> (0x000000008ee25d60) thrown at [t:/workspace/open/src/hotspot/share/prims/jni.cpp, line 636]
Event: 16.049 Thread 0x000001b16bcf3000 Exception <a 'java/net/SocketTimeoutException'{0x000000009131a5c0}: Read timed out> (0x000000009131a5c0) thrown at [t:/workspace/open/src/hotspot/share/prims/jni.cpp, line 636]
Event: 16.236 Thread 0x000001b16bcea800 Exception <a 'java/net/SocketTimeoutException'{0x000000009131d838}: Read timed out> (0x000000009131d838) thrown at [t:/workspace/open/src/hotspot/share/prims/jni.cpp, line 636]
Event: 16.236 Thread 0x000001b16bcf2000 Exception <a 'java/net/SocketTimeoutException'{0x0000000091354db8}: Read timed out> (0x0000000091354db8) thrown at [t:/workspace/open/src/hotspot/share/prims/jni.cpp, line 636]

Events (10 events):
Event: 16.251 Thread 0x000001b16bcef800 Thread exited: 0x000001b16bcef800
Event: 16.251 Thread 0x000001b16bceb800 Thread exited: 0x000001b16bceb800
Event: 16.275 Thread 0x000001b16bcf3800 Thread exited: 0x000001b16bcf3800
Event: 16.290 Executing VM operation: G1CollectForAllocation
Event: 16.291 Executing VM operation: G1CollectForAllocation done
Event: 16.307 Executing VM operation: CGC_Operation
Event: 16.310 Executing VM operation: CGC_Operation done
Event: 16.322 Executing VM operation: CGC_Operation
Event: 16.322 Executing VM operation: CGC_Operation done
Event: 16.399 Executing VM operation: G1CollectForAllocation


Dynamic libraries:
0x00007ff6af520000 - 0x00007ff6af565000 	D:\openjdk-11_windows-x64_bin\jdk-11\bin\java.exe
0x00007ffac9190000 - 0x00007ffac9385000 	C:\Windows\SYSTEM32\ntdll.dll
0x00007ffac7280000 - 0x00007ffac733e000 	C:\Windows\System32\KERNEL32.DLL
0x00007ffac6ae0000 - 0x00007ffac6da8000 	C:\Windows\System32\KERNELBASE.dll
0x00007ffac8e80000 - 0x00007ffac9021000 	C:\Windows\System32\USER32.dll
0x00007ffac6db0000 - 0x00007ffac6dd2000 	C:\Windows\System32\win32u.dll
0x00007ffac9110000 - 0x00007ffac913b000 	C:\Windows\System32\GDI32.dll
0x00007ffac68b0000 - 0x00007ffac69bb000 	C:\Windows\System32\gdi32full.dll
0x00007ffac6a10000 - 0x00007ffac6aad000 	C:\Windows\System32\msvcp_win.dll
0x00007ffac6f40000 - 0x00007ffac7040000 	C:\Windows\System32\ucrtbase.dll
0x00007ffac5cb0000 - 0x00007ffac5f4a000 	C:\Windows\WinSxS\amd64_microsoft.windows.common-controls_6595b64144ccf1df_6.0.19041.1110_none_60b5254171f9507e\COMCTL32.dll
0x00007ffac7d40000 - 0x00007ffac7dde000 	C:\Windows\System32\msvcrt.dll
0x00007ffac8840000 - 0x00007ffac8870000 	C:\Windows\System32\IMM32.DLL
0x00007ffaa0970000 - 0x00007ffaa0986000 	D:\openjdk-11_windows-x64_bin\jdk-11\bin\vcruntime140.dll
0x00007ffa91d10000 - 0x00007ffa91dba000 	D:\openjdk-11_windows-x64_bin\jdk-11\bin\msvcp140.dll
0x00007ffa81ab0000 - 0x00007ffa825f1000 	D:\openjdk-11_windows-x64_bin\jdk-11\bin\server\jvm.dll
0x00007ffac7a80000 - 0x00007ffac7b2c000 	C:\Windows\System32\ADVAPI32.dll
0x00007ffac71e0000 - 0x00007ffac727b000 	C:\Windows\System32\sechost.dll
0x00007ffac8870000 - 0x00007ffac899a000 	C:\Windows\System32\RPCRT4.dll
0x00007ffac9140000 - 0x00007ffac9148000 	C:\Windows\System32\PSAPI.DLL
0x00007ffaa6df0000 - 0x00007ffaa6df9000 	C:\Windows\SYSTEM32\WSOCK32.dll
0x00007ffab0010000 - 0x00007ffab0037000 	C:\Windows\SYSTEM32\WINMM.dll
0x00007ffabf630000 - 0x00007ffabf63a000 	C:\Windows\SYSTEM32\VERSION.dll
0x00007ffac87d0000 - 0x00007ffac883b000 	C:\Windows\System32\WS2_32.dll
0x00007ffac3990000 - 0x00007ffac39a2000 	C:\Windows\SYSTEM32\kernel.appcore.dll
0x00007ffa9f5b0000 - 0x00007ffa9f5c1000 	D:\openjdk-11_windows-x64_bin\jdk-11\bin\verify.dll
0x00007ffac6230000 - 0x00007ffac6414000 	C:\Windows\SYSTEM32\DBGHELP.DLL
0x00007ffac6200000 - 0x00007ffac622c000 	C:\Windows\SYSTEM32\dbgcore.DLL
0x00007ffac7040000 - 0x00007ffac70c3000 	C:\Windows\System32\bcryptPrimitives.dll
0x00007ffa9b7a0000 - 0x00007ffa9b7c8000 	D:\openjdk-11_windows-x64_bin\jdk-11\bin\java.dll
0x00007ffac1550000 - 0x00007ffac157f000 	D:\openjdk-11_windows-x64_bin\jdk-11\bin\instrument.dll
0x00007ffa9b9e0000 - 0x00007ffa9b9f6000 	D:\openjdk-11_windows-x64_bin\jdk-11\bin\zip.dll
0x00007ffab0ec0000 - 0x00007ffab0eca000 	D:\openjdk-11_windows-x64_bin\jdk-11\bin\jimage.dll
0x00007ffac7340000 - 0x00007ffac7a7f000 	C:\Windows\System32\SHELL32.dll
0x00007ffac3b90000 - 0x00007ffac4320000 	C:\Windows\SYSTEM32\windows.storage.dll
0x00007ffac8b20000 - 0x00007ffac8e75000 	C:\Windows\System32\combase.dll
0x00007ffac5bb0000 - 0x00007ffac5bde000 	C:\Windows\SYSTEM32\Wldp.dll
0x00007ffac8a70000 - 0x00007ffac8b1d000 	C:\Windows\System32\SHCORE.dll
0x00007ffac7de0000 - 0x00007ffac7e35000 	C:\Windows\System32\shlwapi.dll
0x00007ffac67f0000 - 0x00007ffac680f000 	C:\Windows\SYSTEM32\profapi.dll
0x00007ffa9b780000 - 0x00007ffa9b799000 	D:\openjdk-11_windows-x64_bin\jdk-11\bin\net.dll
0x00007ffab71d0000 - 0x00007ffab72dc000 	C:\Windows\SYSTEM32\WINHTTP.dll
0x00007ffac58d0000 - 0x00007ffac593a000 	C:\Windows\system32\mswsock.dll
0x00007ffa9b6d0000 - 0x00007ffa9b6e3000 	D:\openjdk-11_windows-x64_bin\jdk-11\bin\nio.dll
0x00007ffabe320000 - 0x00007ffabe33a000 	C:\Program Files\JetBrains\IntelliJ IDEA Community Edition 2021.3\bin\breakgen64.dll
0x00007ffa922b0000 - 0x00007ffa922d7000 	D:\openjdk-11_windows-x64_bin\jdk-11\bin\sunec.dll
0x00007ffac65c0000 - 0x00007ffac65d8000 	C:\Windows\SYSTEM32\CRYPTSP.dll
0x00007ffac5270000 - 0x00007ffac52a4000 	C:\Windows\system32\rsaenh.dll
0x00007ffac6ab0000 - 0x00007ffac6ad7000 	C:\Windows\System32\bcrypt.dll
0x00007ffac6770000 - 0x00007ffac679e000 	C:\Windows\SYSTEM32\USERENV.dll
0x00007ffac5aa0000 - 0x00007ffac5aac000 	C:\Windows\SYSTEM32\CRYPTBASE.dll
0x00007ffac55e0000 - 0x00007ffac561b000 	C:\Windows\SYSTEM32\IPHLPAPI.DLL
0x00007ffac9030000 - 0x00007ffac9038000 	C:\Windows\System32\NSI.dll
0x00007ffabda60000 - 0x00007ffabda77000 	C:\Windows\SYSTEM32\dhcpcsvc6.DLL
0x00007ffabda40000 - 0x00007ffabda5d000 	C:\Windows\SYSTEM32\dhcpcsvc.DLL
0x00007ffac5620000 - 0x00007ffac56eb000 	C:\Windows\SYSTEM32\DNSAPI.dll
0x00007ffab7110000 - 0x00007ffab711a000 	C:\Windows\System32\rasadhlp.dll
0x00007ffab7150000 - 0x00007ffab71cf000 	C:\Windows\System32\fwpuclnt.dll
0x00007ffaa3550000 - 0x00007ffaa355d000 	D:\openjdk-11_windows-x64_bin\jdk-11\bin\sunmscapi.dll
0x00007ffac6de0000 - 0x00007ffac6f36000 	C:\Windows\System32\CRYPT32.dll
0x00007ffac5c20000 - 0x00007ffac5c47000 	C:\Windows\SYSTEM32\ncrypt.dll
0x00007ffac5be0000 - 0x00007ffac5c1b000 	C:\Windows\SYSTEM32\NTASN1.dll
0x00007ffac48c0000 - 0x00007ffac48c9000 	D:\openjdk-11_windows-x64_bin\jdk-11\bin\management.dll
0x00007ffac48b0000 - 0x00007ffac48bc000 	D:\openjdk-11_windows-x64_bin\jdk-11\bin\management_ext.dll
0x000000006c500000 - 0x000000006c5c7000 	C:\Users\ashu3\AppData\Local\Temp\snappy-1.1.8-c38f9e17-eb87-4999-bc94-d7de0024356f-snappyjava.dll

dbghelp: loaded successfully - version: 4.0.5 - missing functions: none
symbol engine: initialized successfully - sym options: 0x614 - pdb path: .;D:\openjdk-11_windows-x64_bin\jdk-11\bin;C:\Windows\SYSTEM32;C:\Windows\WinSxS\amd64_microsoft.windows.common-controls_6595b64144ccf1df_6.0.19041.1110_none_60b5254171f9507e;D:\openjdk-11_windows-x64_bin\jdk-11\bin\server;C:\Program Files\JetBrains\IntelliJ IDEA Community Edition 2021.3\bin;C:\Users\ashu3\AppData\Local\Temp

VM Arguments:
jvm_args: -javaagent:C:\Program Files\JetBrains\IntelliJ IDEA Community Edition 2021.3\lib\idea_rt.jar=58649:C:\Program Files\JetBrains\IntelliJ IDEA Community Edition 2021.3\bin -Dfile.encoding=UTF-8 
java_command: com.bachinalabs.StreamingPipepline
java_class_path (initial): D:\myGCP-Project\gcp-dataflow-pipeline\target\classes;C:\Users\ashu3\.m2\repository\org\slf4j\slf4j-api\1.7.5\slf4j-api-1.7.5.jar;C:\Users\ashu3\.m2\repository\org\slf4j\slf4j-log4j12\1.7.5\slf4j-log4j12-1.7.5.jar;C:\Users\ashu3\.m2\repository\log4j\log4j\1.2.17\log4j-1.2.17.jar;C:\Users\ashu3\.m2\repository\org\hamcrest\hamcrest-core\1.3\hamcrest-core-1.3.jar;C:\Users\ashu3\.m2\repository\org\apache\beam\beam-sdks-java-core\2.29.0\beam-sdks-java-core-2.29.0.jar;C:\Users\ashu3\.m2\repository\org\apache\beam\beam-model-pipeline\2.29.0\beam-model-pipeline-2.29.0.jar;C:\Users\ashu3\.m2\repository\commons-logging\commons-logging\1.2\commons-logging-1.2.jar;C:\Users\ashu3\.m2\repository\org\apache\logging\log4j\log4j-api\2.6.2\log4j-api-2.6.2.jar;C:\Users\ashu3\.m2\repository\org\conscrypt\conscrypt-openjdk-uber\2.5.1\conscrypt-openjdk-uber-2.5.1.jar;C:\Users\ashu3\.m2\repository\org\apache\beam\beam-model-job-management\2.29.0\beam-model-job-management-2.29.0.jar;C:\Users\ashu3\.m2\repository\org\apache\beam\beam-vendor-bytebuddy-1_10_8\0.1\beam-vendor-bytebuddy-1_10_8-0.1.jar;C:\Users\ashu3\.m2\repository\org\apache\beam\beam-vendor-grpc-1_26_0\0.3\beam-vendor-grpc-1_26_0-0.3.jar;C:\Users\ashu3\.m2\repository\org\apache\beam\beam-vendor-guava-26_0-jre\0.1\beam-vendor-guava-26_0-jre-0.1.jar;C:\Users\ashu3\.m2\repository\com\google\code\findbugs\jsr305\3.0.2\jsr305-3.0.2.jar;C:\Users\ashu3\.m2\repository\com\google\errorprone\error_prone_annotations\2.3.4\error_prone_annotations-2.3.4.jar;C:\Users\ashu3\.m2\repository\com\fasterxml\jackson\core\jackson-core\2.12.1\jackson-core-2.12.1.jar;C:\Users\ashu3\.m2\repository\com\fasterxml\jackson\core\jackson-annotations\2.12.1\jackson-annotations-2.12.1.jar;C:\Users\ashu3\.m2\repository\com\fasterxml\jackson\core\jackson-databind\2.12.1\jackson-databind-2.12.1.jar;C:\Users\ashu3\.m2\repository\org\apache\avro\avro\1.8.2\avro-1.8.2.jar;C:\Users\ashu3\.m2\repository\org\codehaus\jackson\jackson-core-a
Launcher Type: SUN_STANDARD

[Global flags]
     intx CICompilerCount                          = 4                                         {product} {ergonomic}
     uint ConcGCThreads                            = 2                                         {product} {ergonomic}
     uint G1ConcRefinementThreads                  = 8                                         {product} {ergonomic}
   size_t G1HeapRegionSize                         = 1048576                                   {product} {ergonomic}
    uintx GCDrainStackTargetSize                   = 64                                        {product} {ergonomic}
   size_t InitialHeapSize                          = 132120576                                 {product} {ergonomic}
   size_t MarkStackSize                            = 4194304                                   {product} {ergonomic}
   size_t MaxHeapSize                              = 2088763392                                {product} {ergonomic}
   size_t MaxNewSize                               = 1253048320                                {product} {ergonomic}
   size_t MinHeapDeltaBytes                        = 1048576                                   {product} {ergonomic}
    uintx NonNMethodCodeHeapSize                   = 5835340                                {pd product} {ergonomic}
    uintx NonProfiledCodeHeapSize                  = 122911450                              {pd product} {ergonomic}
    uintx ProfiledCodeHeapSize                     = 122911450                              {pd product} {ergonomic}
    uintx ReservedCodeCacheSize                    = 251658240                              {pd product} {ergonomic}
     bool SegmentedCodeCache                       = true                                      {product} {ergonomic}
     bool UseCompressedClassPointers               = true                                 {lp64_product} {ergonomic}
     bool UseCompressedOops                        = true                                 {lp64_product} {ergonomic}
     bool UseG1GC                                  = true                                      {product} {ergonomic}
     bool UseLargePagesIndividualAllocation        = false                                  {pd product} {ergonomic}

Logging:
Log output configuration:
 #0: stdout all=warning uptime,level,tags
 #1: stderr all=off uptime,level,tags

Environment Variables:
JAVA_HOME=D:\openjdk-11_windows-x64_bin\jdk-11
PATH=C:\Program Files (x86)\Common Files\Oracle\Java\javapath;C:\Windows\system32;C:\Windows;C:\Windows\System32\Wbem;C:\Windows\System32\WindowsPowerShell\v1.0\;C:\Windows\System32\OpenSSH\;C:\Program Files\Git\cmd;C:\Program Files\nodejs\;C:\Program Files\Docker\Docker\resources\bin;C:\ProgramData\DockerDesktop\version-bin;C:\Program Files\MySQL\MySQL Shell 8.0\bin\;C:\Users\ashu3\AppData\Local\Microsoft\WindowsApps;C:\Users\ashu3\AppData\Roaming\npm;";C:\Program Files\nodejs\";C:\Users\ashu3\AppData\Local\Google\Cloud SDK\google-cloud-sdk\bin;D:\apache-maven-3.6.3\bin;;C:\Program Files\JetBrains\IntelliJ IDEA Community Edition 2021.3\bin;
USERNAME=ashu3
OS=Windows_NT
PROCESSOR_IDENTIFIER=Intel64 Family 6 Model 142 Stepping 12, GenuineIntel



---------------  S Y S T E M  ---------------

OS: Windows 10 , 64 bit Build 19041 (10.0.19041.1348)

CPU:total 8 (initial active 8) (4 cores per cpu, 2 threads per core) family 6 model 142 stepping 12, cmov, cx8, fxsr, mmx, sse, sse2, sse3, ssse3, sse4.1, sse4.2, popcnt, avx, avx2, aes, clmul, erms, 3dnowpref, lzcnt, ht, tsc, tscinvbit, bmi1, bmi2, adx, fma

Memory: 4k page, system-wide physical 7965M (427M free)
TotalPageFile size 23069M (AvailPageFile size 8M)
current process WorkingSet (physical memory assigned to process): 307M, peak: 319M
current process commit charge ("private bytes"): 398M, peak: 442M

vm_info: OpenJDK 64-Bit Server VM (11+28) for windows-amd64 JRE (11+28), built on Aug 23 2018 03:04:58 by "mach5one" with MS VC++ 15.5 (VS2017)

END.
