#
# There is insufficient memory for the Java Runtime Environment to continue.
# Native memory allocation (malloc) failed to allocate 973296 bytes for Chunk::new
# Possible reasons:
#   The system is out of physical RAM or swap space
#   The process is running with CompressedOops enabled, and the Java Heap may be blocking the growth of the native heap
# Possible solutions:
#   Reduce memory load on the system
#   Increase physical memory or swap space
#   Check if swap backing store is full
#   Decrease Java heap size (-Xmx/-Xms)
#   Decrease number of Java threads
#   Decrease Java thread stack sizes (-Xss)
#   Set larger code cache with -XX:ReservedCodeCacheSize=
#   JVM is running with Unscaled Compressed Oops mode in which the Java heap is
#     placed in the first 4GB address space. The Java Heap base address is the
#     maximum limit for the native heap growth. Please use -XX:HeapBaseMinAddress
#     to set the Java Heap base and to place the Java Heap above 4GB virtual address.
# This output file may be truncated or incomplete.
#
#  Out of Memory Error (t:/workspace/open/src/hotspot/share/memory/arena.cpp:197), pid=17644, tid=21808
#
# JRE version: OpenJDK Runtime Environment (11.0+28) (build 11+28)
# Java VM: OpenJDK 64-Bit Server VM (11+28, mixed mode, tiered, compressed oops, g1 gc, windows-amd64)
# No core dump will be written. Minidumps are not enabled by default on client versions of Windows
#

---------------  S U M M A R Y ------------

Command Line: D:\myGCP-Project\gcp-dataflow-pipeline\target\surefire\surefirebooter15905778421430918579.jar D:\myGCP-Project\gcp-dataflow-pipeline\target\surefire\surefire6059081574253211799tmp D:\myGCP-Project\gcp-dataflow-pipeline\target\surefire\surefire_04541947901772534180tmp

Host: Intel(R) Core(TM) i5-10210U CPU @ 1.60GHz, 8 cores, 7G,  Windows 10 , 64 bit Build 19041 (10.0.19041.1348)
Time: Sun Dec 12 21:17:23 2021 India Standard Time elapsed time: 4 seconds (0d 0h 0m 4s)

---------------  T H R E A D  ---------------

Current thread (0x000001ccf1290800):  JavaThread "C2 CompilerThread1" daemon [_thread_in_native, id=21808, stack(0x00000089a1b00000,0x00000089a1c00000)]


Current CompileTask:
C2:   4272 2587       4       org.apache.beam.vendor.guava.v26_0_jre.com.google.common.reflect.TypeResolver::resolveType (74 bytes)

Stack: [0x00000089a1b00000,0x00000089a1c00000]
Native frames: (J=compiled Java code, j=interpreted, Vv=VM code, C=native code)
V  [jvm.dll+0x63adaa]
V  [jvm.dll+0x77852f]
V  [jvm.dll+0x779b18]
V  [jvm.dll+0x77a1d3]
V  [jvm.dll+0x2624c8]
V  [jvm.dll+0xc5b61]
V  [jvm.dll+0xc60fc]
V  [jvm.dll+0x2d0c84]
V  [jvm.dll+0x552d0f]
V  [jvm.dll+0x21e4af]
V  [jvm.dll+0x21b3e6]
V  [jvm.dll+0x198400]
V  [jvm.dll+0x22a4ff]
V  [jvm.dll+0x228b18]
V  [jvm.dll+0x73dc3d]
V  [jvm.dll+0x639e42]
C  [ucrtbase.dll+0x21bb2]
C  [KERNEL32.DLL+0x17034]
C  [ntdll.dll+0x52651]


---------------  P R O C E S S  ---------------

Threads class SMR info:
_java_thread_list=0x000001cceed16d80, length=12, elements={
0x000001ccce220000, 0x000001cced4d0000, 0x000001cced4d3000, 0x000001cced4ea000,
0x000001cced4ec000, 0x000001cced4ec800, 0x000001cced4f0800, 0x000001cced4f2800,
0x000001ccedfc5000, 0x000001ccedfc9800, 0x000001ccf1290800, 0x000001ccf03c7800
}

Java Threads: ( => current thread )
  0x000001ccce220000 JavaThread "main" [_thread_in_vm, id=36040, stack(0x00000089a0800000,0x00000089a0900000)]
  0x000001cced4d0000 JavaThread "Reference Handler" daemon [_thread_blocked, id=29124, stack(0x00000089a0f00000,0x00000089a1000000)]
  0x000001cced4d3000 JavaThread "Finalizer" daemon [_thread_blocked, id=27208, stack(0x00000089a1000000,0x00000089a1100000)]
  0x000001cced4ea000 JavaThread "Signal Dispatcher" daemon [_thread_blocked, id=14464, stack(0x00000089a1100000,0x00000089a1200000)]
  0x000001cced4ec000 JavaThread "Attach Listener" daemon [_thread_blocked, id=19992, stack(0x00000089a1200000,0x00000089a1300000)]
  0x000001cced4ec800 JavaThread "C2 CompilerThread0" daemon [_thread_in_native, id=21048, stack(0x00000089a1300000,0x00000089a1400000)]
  0x000001cced4f0800 JavaThread "C1 CompilerThread0" daemon [_thread_blocked, id=19760, stack(0x00000089a1400000,0x00000089a1500000)]
  0x000001cced4f2800 JavaThread "Sweeper thread" daemon [_thread_blocked, id=32204, stack(0x00000089a1500000,0x00000089a1600000)]
  0x000001ccedfc5000 JavaThread "Service Thread" daemon [_thread_blocked, id=34436, stack(0x00000089a1600000,0x00000089a1700000)]
  0x000001ccedfc9800 JavaThread "Common-Cleaner" daemon [_thread_blocked, id=18904, stack(0x00000089a1800000,0x00000089a1900000)]
=>0x000001ccf1290800 JavaThread "C2 CompilerThread1" daemon [_thread_in_native, id=21808, stack(0x00000089a1b00000,0x00000089a1c00000)]
  0x000001ccf03c7800 JavaThread "C2 CompilerThread2" daemon [_thread_in_native, id=26564, stack(0x00000089a1d00000,0x00000089a1e00000)]

Other Threads:
  0x000001cced4a9800 VMThread "VM Thread" [stack: 0x00000089a0e00000,0x00000089a0f00000] [id=14620]
  0x000001ccedfc8000 WatcherThread [stack: 0x00000089a1700000,0x00000089a1800000] [id=25028]
  0x000001ccce237000 GCTaskThread "GC Thread#0" [stack: 0x00000089a0900000,0x00000089a0a00000] [id=6520]
  0x000001cceea1d800 GCTaskThread "GC Thread#1" [stack: 0x00000089a1900000,0x00000089a1a00000] [id=4460]
  0x000001cceed44000 GCTaskThread "GC Thread#2" [stack: 0x00000089a1a00000,0x00000089a1b00000] [id=34940]
  0x000001ccce269800 ConcurrentGCThread "G1 Main Marker" [stack: 0x00000089a0a00000,0x00000089a0b00000] [id=34664]
  0x000001ccce26c800 ConcurrentGCThread "G1 Conc#0" [stack: 0x00000089a0b00000,0x00000089a0c00000] [id=4448]
  0x000001ccf0dc7800 ConcurrentGCThread "G1 Conc#1" [stack: 0x00000089a1c00000,0x00000089a1d00000] [id=27816]
  0x000001ccce30a800 ConcurrentGCThread "G1 Refine#0" [stack: 0x00000089a0c00000,0x00000089a0d00000] [id=24912]
  0x000001ccce30b800 ConcurrentGCThread "G1 Young RemSet Sampling" [stack: 0x00000089a0d00000,0x00000089a0e00000] [id=21572]

Threads with active compile tasks:
C2 CompilerThread02513   !   4       org.apache.beam.vendor.guava.v26_0_jre.com.google.common.reflect.TypeVisitor::visit (225 bytes)
C1 CompilerThread02689       3       java.util.concurrent.ConcurrentHashMap::get (162 bytes)
C2 CompilerThread12587       4       org.apache.beam.vendor.guava.v26_0_jre.com.google.common.reflect.TypeResolver::resolveType (74 bytes)
C2 CompilerThread22658       4       org.apache.beam.vendor.guava.v26_0_jre.com.google.common.collect.AbstractMapBasedMultimap$WrappedCollection$WrappedIterator::next (14 bytes)

VM state:not at safepoint (normal execution)

VM Mutex/Monitor currently owned by a thread: None

Heap address: 0x0000000083800000, size: 1992 MB, Compressed Oops mode: 32-bit
Narrow klass base: 0x0000000000000000, Narrow klass shift: 3
Compressed class space size: 1073741824 Address: 0x0000000100000000

Heap:
 garbage-first heap   total 155648K, used 41322K [0x0000000083800000, 0x0000000100000000)
  region size 1024K, 32 young (32768K), 6 survivors (6144K)
 Metaspace       used 25012K, capacity 25345K, committed 25520K, reserved 1073152K
  class space    used 2595K, capacity 2690K, committed 2816K, reserved 1048576K
Heap Regions: E=young(eden), S=young(survivor), O=old, HS=humongous(starts), HC=humongous(continues), CS=collection set, F=free, A=archive, TAMS=top-at-mark-start (previous, next)
|   0|0x0000000083800000, 0x0000000083900000, 0x0000000083900000|100%|HS|  |TAMS 0x0000000083900000, 0x0000000083800000| Complete 
|   1|0x0000000083900000, 0x0000000083a00000, 0x0000000083a00000|100%|HC|  |TAMS 0x0000000083a00000, 0x0000000083900000| Complete 
|   2|0x0000000083a00000, 0x0000000083b00000, 0x0000000083b00000|100%| O|  |TAMS 0x0000000083b00000, 0x0000000083a00000| Untracked 
|   3|0x0000000083b00000, 0x0000000083c00000, 0x0000000083c00000|100%| O|  |TAMS 0x0000000083c00000, 0x0000000083b00000| Untracked 
|   4|0x0000000083c00000, 0x0000000083d00000, 0x0000000083d00000|100%| O|  |TAMS 0x0000000083d00000, 0x0000000083c00000| Untracked 
|   5|0x0000000083d00000, 0x0000000083e00000, 0x0000000083e00000|100%| O|  |TAMS 0x0000000083e00000, 0x0000000083d00000| Untracked 
|   6|0x0000000083e00000, 0x0000000083f00000, 0x0000000083f00000|100%| O|  |TAMS 0x0000000083f00000, 0x0000000083e00000| Untracked 
|   7|0x0000000083f00000, 0x0000000084000000, 0x0000000084000000|100%| O|  |TAMS 0x0000000084000000, 0x0000000083f00000| Untracked 
|   8|0x0000000084000000, 0x0000000084100000, 0x0000000084100000|100%| O|  |TAMS 0x0000000084100000, 0x0000000084000000| Untracked 
|   9|0x0000000084100000, 0x000000008415a800, 0x0000000084200000| 35%| O|  |TAMS 0x000000008415a800, 0x0000000084100000| Untracked 
|  10|0x0000000084200000, 0x0000000084200000, 0x0000000084300000|  0%| F|  |TAMS 0x0000000084200000, 0x0000000084200000| Untracked 
|  11|0x0000000084300000, 0x0000000084300000, 0x0000000084400000|  0%| F|  |TAMS 0x0000000084300000, 0x0000000084300000| Untracked 
|  12|0x0000000084400000, 0x0000000084400000, 0x0000000084500000|  0%| F|  |TAMS 0x0000000084400000, 0x0000000084400000| Untracked 
|  13|0x0000000084500000, 0x0000000084500000, 0x0000000084600000|  0%| F|  |TAMS 0x0000000084500000, 0x0000000084500000| Untracked 
|  14|0x0000000084600000, 0x0000000084600000, 0x0000000084700000|  0%| F|  |TAMS 0x0000000084600000, 0x0000000084600000| Untracked 
|  15|0x0000000084700000, 0x0000000084700000, 0x0000000084800000|  0%| F|  |TAMS 0x0000000084700000, 0x0000000084700000| Untracked 
|  16|0x0000000084800000, 0x0000000084800000, 0x0000000084900000|  0%| F|  |TAMS 0x0000000084800000, 0x0000000084800000| Untracked 
|  17|0x0000000084900000, 0x0000000084900000, 0x0000000084a00000|  0%| F|  |TAMS 0x0000000084900000, 0x0000000084900000| Untracked 
|  18|0x0000000084a00000, 0x0000000084a00000, 0x0000000084b00000|  0%| F|  |TAMS 0x0000000084a00000, 0x0000000084a00000| Untracked 
|  19|0x0000000084b00000, 0x0000000084b00000, 0x0000000084c00000|  0%| F|  |TAMS 0x0000000084b00000, 0x0000000084b00000| Untracked 
|  20|0x0000000084c00000, 0x0000000084c00000, 0x0000000084d00000|  0%| F|  |TAMS 0x0000000084c00000, 0x0000000084c00000| Untracked 
|  21|0x0000000084d00000, 0x0000000084d00000, 0x0000000084e00000|  0%| F|  |TAMS 0x0000000084d00000, 0x0000000084d00000| Untracked 
|  22|0x0000000084e00000, 0x0000000084e00000, 0x0000000084f00000|  0%| F|  |TAMS 0x0000000084e00000, 0x0000000084e00000| Untracked 
|  23|0x0000000084f00000, 0x0000000084f00000, 0x0000000085000000|  0%| F|  |TAMS 0x0000000084f00000, 0x0000000084f00000| Untracked 
|  24|0x0000000085000000, 0x0000000085000000, 0x0000000085100000|  0%| F|  |TAMS 0x0000000085000000, 0x0000000085000000| Untracked 
|  25|0x0000000085100000, 0x0000000085100000, 0x0000000085200000|  0%| F|  |TAMS 0x0000000085100000, 0x0000000085100000| Untracked 
|  26|0x0000000085200000, 0x0000000085200000, 0x0000000085300000|  0%| F|  |TAMS 0x0000000085200000, 0x0000000085200000| Untracked 
|  27|0x0000000085300000, 0x0000000085300000, 0x0000000085400000|  0%| F|  |TAMS 0x0000000085300000, 0x0000000085300000| Untracked 
|  28|0x0000000085400000, 0x0000000085400000, 0x0000000085500000|  0%| F|  |TAMS 0x0000000085400000, 0x0000000085400000| Untracked 
|  29|0x0000000085500000, 0x0000000085500000, 0x0000000085600000|  0%| F|  |TAMS 0x0000000085500000, 0x0000000085500000| Untracked 
|  30|0x0000000085600000, 0x0000000085600000, 0x0000000085700000|  0%| F|  |TAMS 0x0000000085600000, 0x0000000085600000| Untracked 
|  31|0x0000000085700000, 0x0000000085700000, 0x0000000085800000|  0%| F|  |TAMS 0x0000000085700000, 0x0000000085700000| Untracked 
|  32|0x0000000085800000, 0x0000000085800000, 0x0000000085900000|  0%| F|  |TAMS 0x0000000085800000, 0x0000000085800000| Untracked 
|  33|0x0000000085900000, 0x0000000085900000, 0x0000000085a00000|  0%| F|  |TAMS 0x0000000085900000, 0x0000000085900000| Untracked 
|  34|0x0000000085a00000, 0x0000000085a00000, 0x0000000085b00000|  0%| F|  |TAMS 0x0000000085a00000, 0x0000000085a00000| Untracked 
|  35|0x0000000085b00000, 0x0000000085b00000, 0x0000000085c00000|  0%| F|  |TAMS 0x0000000085b00000, 0x0000000085b00000| Untracked 
|  36|0x0000000085c00000, 0x0000000085c00000, 0x0000000085d00000|  0%| F|  |TAMS 0x0000000085c00000, 0x0000000085c00000| Untracked 
|  37|0x0000000085d00000, 0x0000000085d00000, 0x0000000085e00000|  0%| F|  |TAMS 0x0000000085d00000, 0x0000000085d00000| Untracked 
|  38|0x0000000085e00000, 0x0000000085e00000, 0x0000000085f00000|  0%| F|  |TAMS 0x0000000085e00000, 0x0000000085e00000| Untracked 
|  39|0x0000000085f00000, 0x0000000085f00000, 0x0000000086000000|  0%| F|  |TAMS 0x0000000085f00000, 0x0000000085f00000| Untracked 
|  40|0x0000000086000000, 0x0000000086000000, 0x0000000086100000|  0%| F|  |TAMS 0x0000000086000000, 0x0000000086000000| Untracked 
|  41|0x0000000086100000, 0x0000000086100000, 0x0000000086200000|  0%| F|  |TAMS 0x0000000086100000, 0x0000000086100000| Untracked 
|  42|0x0000000086200000, 0x0000000086200000, 0x0000000086300000|  0%| F|  |TAMS 0x0000000086200000, 0x0000000086200000| Untracked 
|  43|0x0000000086300000, 0x0000000086300000, 0x0000000086400000|  0%| F|  |TAMS 0x0000000086300000, 0x0000000086300000| Untracked 
|  44|0x0000000086400000, 0x0000000086400000, 0x0000000086500000|  0%| F|  |TAMS 0x0000000086400000, 0x0000000086400000| Untracked 
|  45|0x0000000086500000, 0x0000000086500000, 0x0000000086600000|  0%| F|  |TAMS 0x0000000086500000, 0x0000000086500000| Untracked 
|  46|0x0000000086600000, 0x0000000086600000, 0x0000000086700000|  0%| F|  |TAMS 0x0000000086600000, 0x0000000086600000| Untracked 
|  47|0x0000000086700000, 0x0000000086700000, 0x0000000086800000|  0%| F|  |TAMS 0x0000000086700000, 0x0000000086700000| Untracked 
|  48|0x0000000086800000, 0x0000000086800000, 0x0000000086900000|  0%| F|  |TAMS 0x0000000086800000, 0x0000000086800000| Untracked 
|  49|0x0000000086900000, 0x0000000086900000, 0x0000000086a00000|  0%| F|  |TAMS 0x0000000086900000, 0x0000000086900000| Untracked 
|  50|0x0000000086a00000, 0x0000000086a00000, 0x0000000086b00000|  0%| F|  |TAMS 0x0000000086a00000, 0x0000000086a00000| Untracked 
|  51|0x0000000086b00000, 0x0000000086b00000, 0x0000000086c00000|  0%| F|  |TAMS 0x0000000086b00000, 0x0000000086b00000| Untracked 
|  52|0x0000000086c00000, 0x0000000086c00000, 0x0000000086d00000|  0%| F|  |TAMS 0x0000000086c00000, 0x0000000086c00000| Untracked 
|  53|0x0000000086d00000, 0x0000000086d00000, 0x0000000086e00000|  0%| F|  |TAMS 0x0000000086d00000, 0x0000000086d00000| Untracked 
|  54|0x0000000086e00000, 0x0000000086e00000, 0x0000000086f00000|  0%| F|  |TAMS 0x0000000086e00000, 0x0000000086e00000| Untracked 
|  55|0x0000000086f00000, 0x0000000086f00000, 0x0000000087000000|  0%| F|  |TAMS 0x0000000086f00000, 0x0000000086f00000| Untracked 
|  56|0x0000000087000000, 0x0000000087000000, 0x0000000087100000|  0%| F|  |TAMS 0x0000000087000000, 0x0000000087000000| Untracked 
|  57|0x0000000087100000, 0x0000000087100000, 0x0000000087200000|  0%| F|  |TAMS 0x0000000087100000, 0x0000000087100000| Untracked 
|  58|0x0000000087200000, 0x0000000087200000, 0x0000000087300000|  0%| F|  |TAMS 0x0000000087200000, 0x0000000087200000| Untracked 
|  59|0x0000000087300000, 0x0000000087300000, 0x0000000087400000|  0%| F|  |TAMS 0x0000000087300000, 0x0000000087300000| Untracked 
|  60|0x0000000087400000, 0x0000000087400000, 0x0000000087500000|  0%| F|  |TAMS 0x0000000087400000, 0x0000000087400000| Untracked 
|  61|0x0000000087500000, 0x0000000087500000, 0x0000000087600000|  0%| F|  |TAMS 0x0000000087500000, 0x0000000087500000| Untracked 
|  62|0x0000000087600000, 0x0000000087600000, 0x0000000087700000|  0%| F|  |TAMS 0x0000000087600000, 0x0000000087600000| Untracked 
|  63|0x0000000087700000, 0x0000000087700000, 0x0000000087800000|  0%| F|  |TAMS 0x0000000087700000, 0x0000000087700000| Untracked 
|  64|0x0000000087800000, 0x0000000087800000, 0x0000000087900000|  0%| F|  |TAMS 0x0000000087800000, 0x0000000087800000| Untracked 
|  65|0x0000000087900000, 0x0000000087900000, 0x0000000087a00000|  0%| F|  |TAMS 0x0000000087900000, 0x0000000087900000| Untracked 
|  66|0x0000000087a00000, 0x0000000087a00000, 0x0000000087b00000|  0%| F|  |TAMS 0x0000000087a00000, 0x0000000087a00000| Untracked 
|  67|0x0000000087b00000, 0x0000000087b00000, 0x0000000087c00000|  0%| F|  |TAMS 0x0000000087b00000, 0x0000000087b00000| Untracked 
|  68|0x0000000087c00000, 0x0000000087c00000, 0x0000000087d00000|  0%| F|  |TAMS 0x0000000087c00000, 0x0000000087c00000| Untracked 
|  69|0x0000000087d00000, 0x0000000087d00000, 0x0000000087e00000|  0%| F|  |TAMS 0x0000000087d00000, 0x0000000087d00000| Untracked 
|  70|0x0000000087e00000, 0x0000000087e00000, 0x0000000087f00000|  0%| F|  |TAMS 0x0000000087e00000, 0x0000000087e00000| Untracked 
|  71|0x0000000087f00000, 0x0000000087f00000, 0x0000000088000000|  0%| F|  |TAMS 0x0000000087f00000, 0x0000000087f00000| Untracked 
|  72|0x0000000088000000, 0x0000000088000000, 0x0000000088100000|  0%| F|  |TAMS 0x0000000088000000, 0x0000000088000000| Untracked 
|  73|0x0000000088100000, 0x0000000088100000, 0x0000000088200000|  0%| F|  |TAMS 0x0000000088100000, 0x0000000088100000| Untracked 
|  74|0x0000000088200000, 0x0000000088200000, 0x0000000088300000|  0%| F|  |TAMS 0x0000000088200000, 0x0000000088200000| Untracked 
|  75|0x0000000088300000, 0x0000000088300000, 0x0000000088400000|  0%| F|  |TAMS 0x0000000088300000, 0x0000000088300000| Untracked 
|  76|0x0000000088400000, 0x0000000088400000, 0x0000000088500000|  0%| F|  |TAMS 0x0000000088400000, 0x0000000088400000| Untracked 
|  77|0x0000000088500000, 0x0000000088500000, 0x0000000088600000|  0%| F|  |TAMS 0x0000000088500000, 0x0000000088500000| Untracked 
|  78|0x0000000088600000, 0x0000000088600000, 0x0000000088700000|  0%| F|  |TAMS 0x0000000088600000, 0x0000000088600000| Untracked 
|  79|0x0000000088700000, 0x0000000088700000, 0x0000000088800000|  0%| F|  |TAMS 0x0000000088700000, 0x0000000088700000| Untracked 
|  80|0x0000000088800000, 0x0000000088900000, 0x0000000088900000|100%| S|CS|TAMS 0x0000000088800000, 0x0000000088800000| Complete 
|  81|0x0000000088900000, 0x0000000088a00000, 0x0000000088a00000|100%| S|CS|TAMS 0x0000000088900000, 0x0000000088900000| Complete 
|  82|0x0000000088a00000, 0x0000000088b00000, 0x0000000088b00000|100%| S|CS|TAMS 0x0000000088a00000, 0x0000000088a00000| Complete 
|  83|0x0000000088b00000, 0x0000000088c00000, 0x0000000088c00000|100%| S|CS|TAMS 0x0000000088b00000, 0x0000000088b00000| Complete 
|  84|0x0000000088c00000, 0x0000000088d00000, 0x0000000088d00000|100%| S|CS|TAMS 0x0000000088c00000, 0x0000000088c00000| Complete 
|  85|0x0000000088d00000, 0x0000000088e00000, 0x0000000088e00000|100%| S|CS|TAMS 0x0000000088d00000, 0x0000000088d00000| Complete 
|  86|0x0000000088e00000, 0x0000000088e00000, 0x0000000088f00000|  0%| F|  |TAMS 0x0000000088e00000, 0x0000000088e00000| Untracked 
|  87|0x0000000088f00000, 0x0000000088f00000, 0x0000000089000000|  0%| F|  |TAMS 0x0000000088f00000, 0x0000000088f00000| Untracked 
|  88|0x0000000089000000, 0x0000000089000000, 0x0000000089100000|  0%| F|  |TAMS 0x0000000089000000, 0x0000000089000000| Untracked 
|  89|0x0000000089100000, 0x0000000089100000, 0x0000000089200000|  0%| F|  |TAMS 0x0000000089100000, 0x0000000089100000| Untracked 
|  90|0x0000000089200000, 0x0000000089200000, 0x0000000089300000|  0%| F|  |TAMS 0x0000000089200000, 0x0000000089200000| Untracked 
|  91|0x0000000089300000, 0x0000000089300000, 0x0000000089400000|  0%| F|  |TAMS 0x0000000089300000, 0x0000000089300000| Untracked 
|  92|0x0000000089400000, 0x0000000089400000, 0x0000000089500000|  0%| F|  |TAMS 0x0000000089400000, 0x0000000089400000| Untracked 
|  93|0x0000000089500000, 0x0000000089500000, 0x0000000089600000|  0%| F|  |TAMS 0x0000000089500000, 0x0000000089500000| Untracked 
|  94|0x0000000089600000, 0x0000000089600000, 0x0000000089700000|  0%| F|  |TAMS 0x0000000089600000, 0x0000000089600000| Untracked 
|  95|0x0000000089700000, 0x0000000089700000, 0x0000000089800000|  0%| F|  |TAMS 0x0000000089700000, 0x0000000089700000| Untracked 
|  96|0x0000000089800000, 0x0000000089800000, 0x0000000089900000|  0%| F|  |TAMS 0x0000000089800000, 0x0000000089800000| Untracked 
|  97|0x0000000089900000, 0x0000000089900000, 0x0000000089a00000|  0%| F|  |TAMS 0x0000000089900000, 0x0000000089900000| Untracked 
|  98|0x0000000089a00000, 0x0000000089a00000, 0x0000000089b00000|  0%| F|  |TAMS 0x0000000089a00000, 0x0000000089a00000| Untracked 
|  99|0x0000000089b00000, 0x0000000089b00000, 0x0000000089c00000|  0%| F|  |TAMS 0x0000000089b00000, 0x0000000089b00000| Untracked 
| 100|0x0000000089c00000, 0x0000000089c00000, 0x0000000089d00000|  0%| F|  |TAMS 0x0000000089c00000, 0x0000000089c00000| Untracked 
| 101|0x0000000089d00000, 0x0000000089d00000, 0x0000000089e00000|  0%| F|  |TAMS 0x0000000089d00000, 0x0000000089d00000| Untracked 
| 102|0x0000000089e00000, 0x0000000089e00000, 0x0000000089f00000|  0%| F|  |TAMS 0x0000000089e00000, 0x0000000089e00000| Untracked 
| 103|0x0000000089f00000, 0x0000000089f00000, 0x000000008a000000|  0%| F|  |TAMS 0x0000000089f00000, 0x0000000089f00000| Untracked 
| 104|0x000000008a000000, 0x000000008a000000, 0x000000008a100000|  0%| F|  |TAMS 0x000000008a000000, 0x000000008a000000| Untracked 
| 105|0x000000008a100000, 0x000000008a100000, 0x000000008a200000|  0%| F|  |TAMS 0x000000008a100000, 0x000000008a100000| Untracked 
| 106|0x000000008a200000, 0x000000008a200000, 0x000000008a300000|  0%| F|  |TAMS 0x000000008a200000, 0x000000008a200000| Untracked 
| 107|0x000000008a300000, 0x000000008a300000, 0x000000008a400000|  0%| F|  |TAMS 0x000000008a300000, 0x000000008a300000| Untracked 
| 108|0x000000008a400000, 0x000000008a400000, 0x000000008a500000|  0%| F|  |TAMS 0x000000008a400000, 0x000000008a400000| Untracked 
| 109|0x000000008a500000, 0x000000008a500000, 0x000000008a600000|  0%| F|  |TAMS 0x000000008a500000, 0x000000008a500000| Untracked 
| 110|0x000000008a600000, 0x000000008a600000, 0x000000008a700000|  0%| F|  |TAMS 0x000000008a600000, 0x000000008a600000| Untracked 
| 111|0x000000008a700000, 0x000000008a700000, 0x000000008a800000|  0%| F|  |TAMS 0x000000008a700000, 0x000000008a700000| Untracked 
| 112|0x000000008a800000, 0x000000008a800000, 0x000000008a900000|  0%| F|  |TAMS 0x000000008a800000, 0x000000008a800000| Untracked 
| 113|0x000000008a900000, 0x000000008a900000, 0x000000008aa00000|  0%| F|  |TAMS 0x000000008a900000, 0x000000008a900000| Untracked 
| 114|0x000000008aa00000, 0x000000008aa00000, 0x000000008ab00000|  0%| F|  |TAMS 0x000000008aa00000, 0x000000008aa00000| Untracked 
| 115|0x000000008ab00000, 0x000000008ab00000, 0x000000008ac00000|  0%| F|  |TAMS 0x000000008ab00000, 0x000000008ab00000| Untracked 
| 116|0x000000008ac00000, 0x000000008ac00000, 0x000000008ad00000|  0%| F|  |TAMS 0x000000008ac00000, 0x000000008ac00000| Untracked 
| 117|0x000000008ad00000, 0x000000008ad00000, 0x000000008ae00000|  0%| F|  |TAMS 0x000000008ad00000, 0x000000008ad00000| Untracked 
| 118|0x000000008ae00000, 0x000000008ae00000, 0x000000008af00000|  0%| F|  |TAMS 0x000000008ae00000, 0x000000008ae00000| Untracked 
| 119|0x000000008af00000, 0x000000008af00000, 0x000000008b000000|  0%| F|  |TAMS 0x000000008af00000, 0x000000008af00000| Untracked 
| 120|0x000000008b000000, 0x000000008b000000, 0x000000008b100000|  0%| F|  |TAMS 0x000000008b000000, 0x000000008b000000| Untracked 
| 121|0x000000008b100000, 0x000000008b100000, 0x000000008b200000|  0%| F|  |TAMS 0x000000008b100000, 0x000000008b100000| Untracked 
| 122|0x000000008b200000, 0x000000008b200000, 0x000000008b300000|  0%| F|  |TAMS 0x000000008b200000, 0x000000008b200000| Untracked 
| 123|0x000000008b300000, 0x000000008b300000, 0x000000008b400000|  0%| F|  |TAMS 0x000000008b300000, 0x000000008b300000| Untracked 
| 124|0x000000008b400000, 0x000000008b400000, 0x000000008b500000|  0%| F|  |TAMS 0x000000008b400000, 0x000000008b400000| Untracked 
| 125|0x000000008b500000, 0x000000008b500000, 0x000000008b600000|  0%| F|  |TAMS 0x000000008b500000, 0x000000008b500000| Untracked 
| 126|0x000000008b600000, 0x000000008b680800, 0x000000008b700000| 50%| E|  |TAMS 0x000000008b600000, 0x000000008b600000| Complete 
| 127|0x000000008b700000, 0x000000008b800000, 0x000000008b800000|100%| E|CS|TAMS 0x000000008b700000, 0x000000008b700000| Complete 
| 128|0x000000008b800000, 0x000000008b900000, 0x000000008b900000|100%| E|CS|TAMS 0x000000008b800000, 0x000000008b800000| Complete 
| 129|0x000000008b900000, 0x000000008ba00000, 0x000000008ba00000|100%| E|CS|TAMS 0x000000008b900000, 0x000000008b900000| Complete 
| 130|0x000000008ba00000, 0x000000008bb00000, 0x000000008bb00000|100%| E|CS|TAMS 0x000000008ba00000, 0x000000008ba00000| Complete 
| 131|0x000000008bb00000, 0x000000008bc00000, 0x000000008bc00000|100%| E|CS|TAMS 0x000000008bb00000, 0x000000008bb00000| Complete 
| 132|0x000000008bc00000, 0x000000008bd00000, 0x000000008bd00000|100%| E|CS|TAMS 0x000000008bc00000, 0x000000008bc00000| Complete 
| 133|0x000000008bd00000, 0x000000008be00000, 0x000000008be00000|100%| E|CS|TAMS 0x000000008bd00000, 0x000000008bd00000| Complete 
| 134|0x000000008be00000, 0x000000008bf00000, 0x000000008bf00000|100%| E|CS|TAMS 0x000000008be00000, 0x000000008be00000| Complete 
| 135|0x000000008bf00000, 0x000000008c000000, 0x000000008c000000|100%| E|CS|TAMS 0x000000008bf00000, 0x000000008bf00000| Complete 
| 136|0x000000008c000000, 0x000000008c100000, 0x000000008c100000|100%| E|CS|TAMS 0x000000008c000000, 0x000000008c000000| Complete 
| 137|0x000000008c100000, 0x000000008c200000, 0x000000008c200000|100%| E|CS|TAMS 0x000000008c100000, 0x000000008c100000| Complete 
| 138|0x000000008c200000, 0x000000008c300000, 0x000000008c300000|100%| E|CS|TAMS 0x000000008c200000, 0x000000008c200000| Complete 
| 139|0x000000008c300000, 0x000000008c400000, 0x000000008c400000|100%| E|CS|TAMS 0x000000008c300000, 0x000000008c300000| Complete 
| 140|0x000000008c400000, 0x000000008c500000, 0x000000008c500000|100%| E|CS|TAMS 0x000000008c400000, 0x000000008c400000| Complete 
| 141|0x000000008c500000, 0x000000008c600000, 0x000000008c600000|100%| E|CS|TAMS 0x000000008c500000, 0x000000008c500000| Complete 
| 142|0x000000008c600000, 0x000000008c700000, 0x000000008c700000|100%| E|CS|TAMS 0x000000008c600000, 0x000000008c600000| Complete 
| 143|0x000000008c700000, 0x000000008c800000, 0x000000008c800000|100%| E|CS|TAMS 0x000000008c700000, 0x000000008c700000| Complete 
| 144|0x000000008c800000, 0x000000008c900000, 0x000000008c900000|100%| E|CS|TAMS 0x000000008c800000, 0x000000008c800000| Complete 
| 145|0x000000008c900000, 0x000000008ca00000, 0x000000008ca00000|100%| E|CS|TAMS 0x000000008c900000, 0x000000008c900000| Complete 
| 146|0x000000008ca00000, 0x000000008cb00000, 0x000000008cb00000|100%| E|CS|TAMS 0x000000008ca00000, 0x000000008ca00000| Complete 
| 147|0x000000008cb00000, 0x000000008cc00000, 0x000000008cc00000|100%| E|CS|TAMS 0x000000008cb00000, 0x000000008cb00000| Complete 
| 148|0x000000008cc00000, 0x000000008cd00000, 0x000000008cd00000|100%| E|CS|TAMS 0x000000008cc00000, 0x000000008cc00000| Complete 
| 149|0x000000008cd00000, 0x000000008ce00000, 0x000000008ce00000|100%| E|CS|TAMS 0x000000008cd00000, 0x000000008cd00000| Complete 
| 150|0x000000008ce00000, 0x000000008cf00000, 0x000000008cf00000|100%| E|CS|TAMS 0x000000008ce00000, 0x000000008ce00000| Complete 
| 151|0x000000008cf00000, 0x000000008d000000, 0x000000008d000000|100%| E|CS|TAMS 0x000000008cf00000, 0x000000008cf00000| Complete 

Card table byte_map: [0x000001cce63e0000,0x000001cce67d0000] _byte_map_base: 0x000001cce5fc4000

Marking Bits (Prev, Next): (CMBitMap*) 0x000001ccce260c50, (CMBitMap*) 0x000001ccce260c18
 Prev Bits: [0x000001cce8ae0000, 0x000001cceaa00000)
 Next Bits: [0x000001cce6bc0000, 0x000001cce8ae0000)

Polling page: 0x000001ccce310000

Metaspace:

Usage:
  Non-class:     22.19 MB capacity,    21.93 MB ( 99%) used,   229.88 KB (  1%) free+waste,    37.69 KB ( <1%) overhead. 
      Class:      2.63 MB capacity,     2.54 MB ( 97%) used,    77.40 KB (  3%) free+waste,    15.56 KB ( <1%) overhead. 
       Both:     24.81 MB capacity,    24.46 MB ( 99%) used,   307.27 KB (  1%) free+waste,    53.25 KB ( <1%) overhead. 

Virtual space:
  Non-class space:       24.00 MB reserved,      22.42 MB ( 93%) committed 
      Class space:        1.00 GB reserved,       2.75 MB ( <1%) committed 
             Both:        1.02 GB reserved,      25.17 MB (  2%) committed 

Chunk freelists:
   Non-Class:  6.13 KB
       Class:  3.75 KB
        Both:  9.88 KB

CodeHeap 'non-profiled nmethods': size=120000Kb used=1632Kb max_used=1632Kb free=118367Kb
 bounds [0x000001ccde030000, 0x000001ccde2a0000, 0x000001cce5560000]
CodeHeap 'profiled nmethods': size=120000Kb used=5368Kb max_used=5368Kb free=114631Kb
 bounds [0x000001ccd6b00000, 0x000001ccd7040000, 0x000001ccde030000]
CodeHeap 'non-nmethods': size=5760Kb used=1127Kb max_used=1157Kb free=4632Kb
 bounds [0x000001ccd6560000, 0x000001ccd67d0000, 0x000001ccd6b00000]
 total_blobs=3964 nmethods=2677 adapters=357
 compilation: enabled
              stopped_count=0, restarted_count=0
 full_count=0

Compilation events (10 events):
Event: 4.256 Thread 0x000001ccf03c7800 nmethod 2609 0x000001ccde1c1590 code [0x000001ccde1c1740, 0x000001ccde1c1878]
Event: 4.256 Thread 0x000001ccf03c7800 2606       4       org.apache.beam.vendor.guava.v26_0_jre.com.google.common.collect.AbstractMapBasedMultimap$WrappedCollection$WrappedIterator::hasNext (14 bytes)
Event: 4.259 Thread 0x000001ccf03c7800 nmethod 2606 0x000001ccde1c1a10 code [0x000001ccde1c1bc0, 0x000001ccde1c1db8]
Event: 4.259 Thread 0x000001ccf03c7800 2608       4       org.apache.beam.vendor.guava.v26_0_jre.com.google.common.collect.AbstractMapBasedMultimap$WrappedCollection$WrappedIterator::validateIterator (30 bytes)
Event: 4.260 Thread 0x000001cced4f0800 2640       3       java.lang.reflect.AccessibleObject::checkCanSetAccessible (9 bytes)
Event: 4.261 Thread 0x000001cced4f0800 nmethod 2640 0x000001ccd701b310 code [0x000001ccd701b4c0, 0x000001ccd701b650]
Event: 4.261 Thread 0x000001cced4f0800 2641       3       java.lang.reflect.AccessibleObject::checkCanSetAccessible (386 bytes)
Event: 4.261 Thread 0x000001ccf03c7800 nmethod 2608 0x000001ccde1c2010 code [0x000001ccde1c21c0, 0x000001ccde1c2338]
Event: 4.261 Thread 0x000001ccf03c7800 2637       4       org.apache.beam.vendor.guava.v26_0_jre.com.google.common.collect.Hashing::smearedHash (16 bytes)
Event: 4.268 Thread 0x000001cced4f0800 nmethod 2641 0x000001ccd701b710 code [0x000001ccd701bf00, 0x000001ccd7020210]

GC Heap History (10 events):
Event: 1.958 GC heap before
{Heap before GC invocations=2 (full 0):
 garbage-first heap   total 129024K, used 82809K [0x0000000083800000, 0x0000000100000000)
  region size 1024K, 75 young (76800K), 5 survivors (5120K)
 Metaspace       used 16113K, capacity 16375K, committed 16640K, reserved 1064960K
  class space    used 1575K, capacity 1666K, committed 1792K, reserved 1048576K
}
Event: 1.965 GC heap after
{Heap after GC invocations=3 (full 0):
 garbage-first heap   total 129024K, used 12109K [0x0000000083800000, 0x0000000100000000)
  region size 1024K, 6 young (6144K), 6 survivors (6144K)
 Metaspace       used 16113K, capacity 16375K, committed 16640K, reserved 1064960K
  class space    used 1575K, capacity 1666K, committed 1792K, reserved 1048576K
}
Event: 2.087 GC heap before
{Heap before GC invocations=3 (full 0):
 garbage-first heap   total 129024K, used 82765K [0x0000000083800000, 0x0000000100000000)
  region size 1024K, 75 young (76800K), 6 survivors (6144K)
 Metaspace       used 16362K, capacity 16631K, committed 16896K, reserved 1064960K
  class space    used 1585K, capacity 1666K, committed 1792K, reserved 1048576K
}
Event: 2.096 GC heap after
{Heap after GC invocations=4 (full 0):
 garbage-first heap   total 129024K, used 13144K [0x0000000083800000, 0x0000000100000000)
  region size 1024K, 4 young (4096K), 4 survivors (4096K)
 Metaspace       used 16362K, capacity 16631K, committed 16896K, reserved 1064960K
  class space    used 1585K, capacity 1666K, committed 1792K, reserved 1048576K
}
Event: 2.212 GC heap before
{Heap before GC invocations=4 (full 0):
 garbage-first heap   total 129024K, used 85848K [0x0000000083800000, 0x0000000100000000)
  region size 1024K, 75 young (76800K), 4 survivors (4096K)
 Metaspace       used 16534K, capacity 16823K, committed 17152K, reserved 1064960K
  class space    used 1591K, capacity 1666K, committed 1792K, reserved 1048576K
}
Event: 2.217 GC heap after
{Heap after GC invocations=5 (full 0):
 garbage-first heap   total 155648K, used 13516K [0x0000000083800000, 0x0000000100000000)
  region size 1024K, 4 young (4096K), 4 survivors (4096K)
 Metaspace       used 16534K, capacity 16823K, committed 17152K, reserved 1064960K
  class space    used 1591K, capacity 1666K, committed 1792K, reserved 1048576K
}
Event: 2.387 GC heap before
{Heap before GC invocations=5 (full 0):
 garbage-first heap   total 155648K, used 101580K [0x0000000083800000, 0x0000000100000000)
  region size 1024K, 90 young (92160K), 4 survivors (4096K)
 Metaspace       used 16813K, capacity 17111K, committed 17408K, reserved 1064960K
  class space    used 1604K, capacity 1698K, committed 1792K, reserved 1048576K
}
Event: 2.392 GC heap after
{Heap after GC invocations=6 (full 0):
 garbage-first heap   total 155648K, used 14383K [0x0000000083800000, 0x0000000100000000)
  region size 1024K, 5 young (5120K), 5 survivors (5120K)
 Metaspace       used 16813K, capacity 17111K, committed 17408K, reserved 1064960K
  class space    used 1604K, capacity 1698K, committed 1792K, reserved 1048576K
}
Event: 3.204 GC heap before
{Heap before GC invocations=6 (full 0):
 garbage-first heap   total 155648K, used 80943K [0x0000000083800000, 0x0000000100000000)
  region size 1024K, 71 young (72704K), 5 survivors (5120K)
 Metaspace       used 20986K, capacity 21187K, committed 21296K, reserved 1069056K
  class space    used 2050K, capacity 2118K, committed 2176K, reserved 1048576K
}
Event: 3.213 GC heap after
{Heap after GC invocations=7 (full 0):
 garbage-first heap   total 155648K, used 15722K [0x0000000083800000, 0x0000000100000000)
  region size 1024K, 6 young (6144K), 6 survivors (6144K)
 Metaspace       used 20986K, capacity 21187K, committed 21296K, reserved 1069056K
  class space    used 2050K, capacity 2118K, committed 2176K, reserved 1048576K
}

Deoptimization events (10 events):
Event: 4.068 Thread 0x000001ccce220000 Uncommon trap: reason=class_check action=maybe_recompile pc=0x000001ccde105904 method=org.apache.beam.vendor.guava.v26_0_jre.com.google.common.collect.AbstractMapBasedMultimap$WrappedCollection.refreshIfEmpty()V @ 40 c2
Event: 4.068 Thread 0x000001ccce220000 Uncommon trap: reason=class_check action=maybe_recompile pc=0x000001ccde13b928 method=org.apache.beam.vendor.guava.v26_0_jre.com.google.common.collect.AbstractMapBasedMultimap$WrappedCollection.refreshIfEmpty()V @ 40 c2
Event: 4.068 Thread 0x000001ccce220000 Uncommon trap: reason=class_check action=maybe_recompile pc=0x000001ccde0e39c8 method=org.apache.beam.vendor.guava.v26_0_jre.com.google.common.collect.AbstractMapBasedMultimap$WrappedCollection.refreshIfEmpty()V @ 40 c2
Event: 4.099 Thread 0x000001ccce220000 Uncommon trap: reason=class_check action=maybe_recompile pc=0x000001ccde0c0f3c method=java.io.DataOutputStream.write(I)V @ 5 c2
Event: 4.099 Thread 0x000001ccce220000 Uncommon trap: reason=class_check action=maybe_recompile pc=0x000001ccde0c0f3c method=java.io.DataOutputStream.write(I)V @ 5 c2
Event: 4.099 Thread 0x000001ccce220000 Uncommon trap: reason=class_check action=maybe_recompile pc=0x000001ccde0c0f3c method=java.io.DataOutputStream.write(I)V @ 5 c2
Event: 4.099 Thread 0x000001ccce220000 Uncommon trap: reason=class_check action=maybe_recompile pc=0x000001ccde0c0f3c method=java.io.DataOutputStream.write(I)V @ 5 c2
Event: 4.158 Thread 0x000001ccce220000 Uncommon trap: reason=class_check action=maybe_recompile pc=0x000001ccde0fd6cc method=org.apache.beam.vendor.guava.v26_0_jre.com.google.common.collect.AbstractIndexedListIterator.next()Ljava/lang/Object; @ 27 c2
Event: 4.158 Thread 0x000001ccce220000 Uncommon trap: reason=class_check action=maybe_recompile pc=0x000001ccde0fd6cc method=org.apache.beam.vendor.guava.v26_0_jre.com.google.common.collect.AbstractIndexedListIterator.next()Ljava/lang/Object; @ 27 c2
Event: 4.221 Thread 0x000001ccce220000 Uncommon trap: reason=class_check action=maybe_recompile pc=0x000001ccde1a288c method=org.apache.beam.vendor.guava.v26_0_jre.com.google.common.collect.ImmutableSet.rebuildHashTable(I[Ljava/lang/Object;I)[Ljava/lang/Object; @ 28 c2

Classes redefined (0 events):
No events

Internal exceptions (10 events):
Event: 3.823 Thread 0x000001ccce220000 Exception <a 'java/lang/NoSuchMethodError'{0x000000008ce78d10}: <clinit>> (0x000000008ce78d10) thrown at [t:/workspace/open/src/hotspot/share/prims/jni.cpp, line 1364]
Event: 4.059 Thread 0x000001ccce220000 Exception <a 'java/lang/NoSuchMethodError'{0x000000008c35e670}: <clinit>> (0x000000008c35e670) thrown at [t:/workspace/open/src/hotspot/share/prims/jni.cpp, line 1364]
Event: 4.060 Thread 0x000001ccce220000 Exception <a 'java/lang/NoSuchMethodError'{0x000000008c363ca8}: <clinit>> (0x000000008c363ca8) thrown at [t:/workspace/open/src/hotspot/share/prims/jni.cpp, line 1364]
Event: 4.060 Thread 0x000001ccce220000 Exception <a 'java/lang/NoSuchMethodError'{0x000000008c368848}: <clinit>> (0x000000008c368848) thrown at [t:/workspace/open/src/hotspot/share/prims/jni.cpp, line 1364]
Event: 4.138 Thread 0x000001ccce220000 Exception <a 'java/lang/NoSuchMethodError'{0x000000008bf15360}: <clinit>> (0x000000008bf15360) thrown at [t:/workspace/open/src/hotspot/share/prims/jni.cpp, line 1364]
Event: 4.138 Thread 0x000001ccce220000 Exception <a 'java/lang/NoSuchMethodError'{0x000000008bf17df8}: <clinit>> (0x000000008bf17df8) thrown at [t:/workspace/open/src/hotspot/share/prims/jni.cpp, line 1364]
Event: 4.140 Thread 0x000001ccce220000 Exception <a 'java/lang/NoSuchMethodError'{0x000000008bf2b170}: <clinit>> (0x000000008bf2b170) thrown at [t:/workspace/open/src/hotspot/share/prims/jni.cpp, line 1364]
Event: 4.141 Thread 0x000001ccce220000 Exception <a 'java/lang/NoSuchMethodError'{0x000000008bf3bcd0}: <clinit>> (0x000000008bf3bcd0) thrown at [t:/workspace/open/src/hotspot/share/prims/jni.cpp, line 1364]
Event: 4.142 Thread 0x000001ccce220000 Exception <a 'java/lang/NoSuchMethodError'{0x000000008bf4cd20}: <clinit>> (0x000000008bf4cd20) thrown at [t:/workspace/open/src/hotspot/share/prims/jni.cpp, line 1364]
Event: 4.143 Thread 0x000001ccce220000 Exception <a 'java/lang/NoSuchMethodError'{0x000000008bf5b938}: <clinit>> (0x000000008bf5b938) thrown at [t:/workspace/open/src/hotspot/share/prims/jni.cpp, line 1364]

Events (10 events):
Event: 4.266 loading class com/fasterxml/jackson/databind/deser/BasicDeserializerFactory$CreatorCollectionState
Event: 4.266 loading class com/fasterxml/jackson/databind/deser/BasicDeserializerFactory$CreatorCollectionState done
Event: 4.267 loading class com/fasterxml/jackson/annotation/JsonCreator
Event: 4.267 loading class com/fasterxml/jackson/annotation/JsonCreator done
Event: 4.268 loading class com/fasterxml/jackson/annotation/JsonAutoDetect$1
Event: 4.268 loading class com/fasterxml/jackson/annotation/JsonAutoDetect$1 done
Event: 4.268 loading class com/fasterxml/jackson/annotation/PropertyAccessor
Event: 4.268 loading class com/fasterxml/jackson/annotation/PropertyAccessor done
Event: 4.269 loading class com/fasterxml/jackson/databind/deser/impl/CreatorCandidate
Event: 4.269 loading class com/fasterxml/jackson/databind/deser/impl/CreatorCandidate done


Dynamic libraries:
0x00007ff6af520000 - 0x00007ff6af565000 	D:\openjdk-11_windows-x64_bin\jdk-11\bin\java.exe
0x00007ffac9190000 - 0x00007ffac9385000 	C:\Windows\SYSTEM32\ntdll.dll
0x00007ffac7280000 - 0x00007ffac733e000 	C:\Windows\System32\KERNEL32.DLL
0x00007ffac6ae0000 - 0x00007ffac6da8000 	C:\Windows\System32\KERNELBASE.dll
0x00007ffac8e80000 - 0x00007ffac9021000 	C:\Windows\System32\USER32.dll
0x00007ffac6db0000 - 0x00007ffac6dd2000 	C:\Windows\System32\win32u.dll
0x00007ffac9110000 - 0x00007ffac913b000 	C:\Windows\System32\GDI32.dll
0x00007ffac68b0000 - 0x00007ffac69bb000 	C:\Windows\System32\gdi32full.dll
0x00007ffac6a10000 - 0x00007ffac6aad000 	C:\Windows\System32\msvcp_win.dll
0x00007ffac6f40000 - 0x00007ffac7040000 	C:\Windows\System32\ucrtbase.dll
0x00007ffac5cb0000 - 0x00007ffac5f4a000 	C:\Windows\WinSxS\amd64_microsoft.windows.common-controls_6595b64144ccf1df_6.0.19041.1110_none_60b5254171f9507e\COMCTL32.dll
0x00007ffac7d40000 - 0x00007ffac7dde000 	C:\Windows\System32\msvcrt.dll
0x00007ffac8840000 - 0x00007ffac8870000 	C:\Windows\System32\IMM32.DLL
0x00007ffaa0970000 - 0x00007ffaa0986000 	D:\openjdk-11_windows-x64_bin\jdk-11\bin\vcruntime140.dll
0x00007ffa91d10000 - 0x00007ffa91dba000 	D:\openjdk-11_windows-x64_bin\jdk-11\bin\msvcp140.dll
0x00007ffa81ab0000 - 0x00007ffa825f1000 	D:\openjdk-11_windows-x64_bin\jdk-11\bin\server\jvm.dll
0x00007ffac7a80000 - 0x00007ffac7b2c000 	C:\Windows\System32\ADVAPI32.dll
0x00007ffac71e0000 - 0x00007ffac727b000 	C:\Windows\System32\sechost.dll
0x00007ffac8870000 - 0x00007ffac899a000 	C:\Windows\System32\RPCRT4.dll
0x00007ffac9140000 - 0x00007ffac9148000 	C:\Windows\System32\PSAPI.DLL
0x00007ffabf630000 - 0x00007ffabf63a000 	C:\Windows\SYSTEM32\VERSION.dll
0x00007ffaa6df0000 - 0x00007ffaa6df9000 	C:\Windows\SYSTEM32\WSOCK32.dll
0x00007ffab0010000 - 0x00007ffab0037000 	C:\Windows\SYSTEM32\WINMM.dll
0x00007ffac87d0000 - 0x00007ffac883b000 	C:\Windows\System32\WS2_32.dll
0x00007ffac3990000 - 0x00007ffac39a2000 	C:\Windows\SYSTEM32\kernel.appcore.dll
0x00007ffa9f5b0000 - 0x00007ffa9f5c1000 	D:\openjdk-11_windows-x64_bin\jdk-11\bin\verify.dll
0x00007ffac6230000 - 0x00007ffac6414000 	C:\Windows\SYSTEM32\DBGHELP.DLL
0x00007ffac6200000 - 0x00007ffac622c000 	C:\Windows\SYSTEM32\dbgcore.DLL
0x00007ffac7040000 - 0x00007ffac70c3000 	C:\Windows\System32\bcryptPrimitives.dll
0x00007ffa9b7a0000 - 0x00007ffa9b7c8000 	D:\openjdk-11_windows-x64_bin\jdk-11\bin\java.dll
0x00007ffa9b9e0000 - 0x00007ffa9b9f6000 	D:\openjdk-11_windows-x64_bin\jdk-11\bin\zip.dll
0x00007ffab0ec0000 - 0x00007ffab0eca000 	D:\openjdk-11_windows-x64_bin\jdk-11\bin\jimage.dll
0x00007ffac7340000 - 0x00007ffac7a7f000 	C:\Windows\System32\SHELL32.dll
0x00007ffac3b90000 - 0x00007ffac4320000 	C:\Windows\SYSTEM32\windows.storage.dll
0x00007ffac8b20000 - 0x00007ffac8e75000 	C:\Windows\System32\combase.dll
0x00007ffac5bb0000 - 0x00007ffac5bde000 	C:\Windows\SYSTEM32\Wldp.dll
0x00007ffac8a70000 - 0x00007ffac8b1d000 	C:\Windows\System32\SHCORE.dll
0x00007ffac7de0000 - 0x00007ffac7e35000 	C:\Windows\System32\shlwapi.dll
0x00007ffac67f0000 - 0x00007ffac680f000 	C:\Windows\SYSTEM32\profapi.dll
0x00007ffa9b780000 - 0x00007ffa9b799000 	D:\openjdk-11_windows-x64_bin\jdk-11\bin\net.dll
0x00007ffab71d0000 - 0x00007ffab72dc000 	C:\Windows\SYSTEM32\WINHTTP.dll
0x00007ffac58d0000 - 0x00007ffac593a000 	C:\Windows\system32\mswsock.dll
0x00007ffa9b6d0000 - 0x00007ffa9b6e3000 	D:\openjdk-11_windows-x64_bin\jdk-11\bin\nio.dll
0x00007ffac65c0000 - 0x00007ffac65d8000 	C:\Windows\SYSTEM32\CRYPTSP.dll
0x00007ffac5270000 - 0x00007ffac52a4000 	C:\Windows\system32\rsaenh.dll
0x00007ffac6ab0000 - 0x00007ffac6ad7000 	C:\Windows\System32\bcrypt.dll
0x00007ffac6770000 - 0x00007ffac679e000 	C:\Windows\SYSTEM32\USERENV.dll
0x00007ffac5aa0000 - 0x00007ffac5aac000 	C:\Windows\SYSTEM32\CRYPTBASE.dll
0x00007ffac55e0000 - 0x00007ffac561b000 	C:\Windows\SYSTEM32\IPHLPAPI.DLL
0x00007ffac9030000 - 0x00007ffac9038000 	C:\Windows\System32\NSI.dll
0x00007ffabda60000 - 0x00007ffabda77000 	C:\Windows\SYSTEM32\dhcpcsvc6.DLL
0x00007ffabda40000 - 0x00007ffabda5d000 	C:\Windows\SYSTEM32\dhcpcsvc.DLL
0x00007ffac5620000 - 0x00007ffac56eb000 	C:\Windows\SYSTEM32\DNSAPI.dll
0x000000006c500000 - 0x000000006c5c7000 	C:\Users\ashu3\AppData\Local\Temp\snappy-1.1.8-3c5454bf-db8f-4962-a2b8-54b51a09c8af-snappyjava.dll

dbghelp: loaded successfully - version: 4.0.5 - missing functions: none
symbol engine: initialized successfully - sym options: 0x614 - pdb path: .;D:\openjdk-11_windows-x64_bin\jdk-11\bin;C:\Windows\SYSTEM32;C:\Windows\WinSxS\amd64_microsoft.windows.common-controls_6595b64144ccf1df_6.0.19041.1110_none_60b5254171f9507e;D:\openjdk-11_windows-x64_bin\jdk-11\bin\server;C:\Users\ashu3\AppData\Local\Temp

VM Arguments:
java_command: D:\myGCP-Project\gcp-dataflow-pipeline\target\surefire\surefirebooter15905778421430918579.jar D:\myGCP-Project\gcp-dataflow-pipeline\target\surefire\surefire6059081574253211799tmp D:\myGCP-Project\gcp-dataflow-pipeline\target\surefire\surefire_04541947901772534180tmp
java_class_path (initial): D:\myGCP-Project\gcp-dataflow-pipeline\target\surefire\surefirebooter15905778421430918579.jar
Launcher Type: SUN_STANDARD

[Global flags]
     intx CICompilerCount                          = 4                                         {product} {ergonomic}
     uint ConcGCThreads                            = 2                                         {product} {ergonomic}
     uint G1ConcRefinementThreads                  = 8                                         {product} {ergonomic}
   size_t G1HeapRegionSize                         = 1048576                                   {product} {ergonomic}
    uintx GCDrainStackTargetSize                   = 64                                        {product} {ergonomic}
   size_t InitialHeapSize                          = 132120576                                 {product} {ergonomic}
   size_t MarkStackSize                            = 4194304                                   {product} {ergonomic}
   size_t MaxHeapSize                              = 2088763392                                {product} {ergonomic}
   size_t MaxNewSize                               = 1253048320                                {product} {ergonomic}
   size_t MinHeapDeltaBytes                        = 1048576                                   {product} {ergonomic}
    uintx NonNMethodCodeHeapSize                   = 5835340                                {pd product} {ergonomic}
    uintx NonProfiledCodeHeapSize                  = 122911450                              {pd product} {ergonomic}
    uintx ProfiledCodeHeapSize                     = 122911450                              {pd product} {ergonomic}
    uintx ReservedCodeCacheSize                    = 251658240                              {pd product} {ergonomic}
     bool SegmentedCodeCache                       = true                                      {product} {ergonomic}
     bool UseCompressedClassPointers               = true                                 {lp64_product} {ergonomic}
     bool UseCompressedOops                        = true                                 {lp64_product} {ergonomic}
     bool UseG1GC                                  = true                                      {product} {ergonomic}
     bool UseLargePagesIndividualAllocation        = false                                  {pd product} {ergonomic}

Logging:
Log output configuration:
 #0: stdout all=warning uptime,level,tags
 #1: stderr all=off uptime,level,tags

Environment Variables:
JAVA_HOME=D:\openjdk-11_windows-x64_bin\jdk-11
PATH=C:\Program Files (x86)\Common Files\Oracle\Java\javapath;C:\Windows\system32;C:\Windows;C:\Windows\System32\Wbem;C:\Windows\System32\WindowsPowerShell\v1.0\;C:\Windows\System32\OpenSSH\;C:\Program Files\Git\cmd;C:\Program Files\nodejs\;C:\Program Files\Docker\Docker\resources\bin;C:\ProgramData\DockerDesktop\version-bin;C:\Program Files\MySQL\MySQL Shell 8.0\bin\;C:\Users\ashu3\AppData\Local\Microsoft\WindowsApps;C:\Users\ashu3\AppData\Roaming\npm;";C:\Program Files\nodejs\";C:\Users\ashu3\AppData\Local\Google\Cloud SDK\google-cloud-sdk\bin;D:\apache-maven-3.6.3\bin;;C:\Program Files\JetBrains\IntelliJ IDEA Community Edition 2021.3\bin;
USERNAME=ashu3
OS=Windows_NT
PROCESSOR_IDENTIFIER=Intel64 Family 6 Model 142 Stepping 12, GenuineIntel



---------------  S Y S T E M  ---------------

OS: Windows 10 , 64 bit Build 19041 (10.0.19041.1348)

CPU:total 8 (initial active 8) (4 cores per cpu, 2 threads per core) family 6 model 142 stepping 12, cmov, cx8, fxsr, mmx, sse, sse2, sse3, ssse3, sse4.1, sse4.2, popcnt, avx, avx2, aes, clmul, erms, 3dnowpref, lzcnt, ht, tsc, tscinvbit, bmi1, bmi2, adx, fma

Memory: 4k page, system-wide physical 7965M (266M free)
TotalPageFile size 23069M (AvailPageFile size 4M)
current process WorkingSet (physical memory assigned to process): 236M, peak: 236M
current process commit charge ("private bytes"): 314M, peak: 316M

vm_info: OpenJDK 64-Bit Server VM (11+28) for windows-amd64 JRE (11+28), built on Aug 23 2018 03:04:58 by "mach5one" with MS VC++ 15.5 (VS2017)

END.
